2011-10-07 00:02:40,730 INFO org.apache.hadoop.hdfs.StateChange: *BLOCK* NameSystem.processReport: from 127.0.0.1:50010, blocks: 1, processing time: 1 msecs
2011-10-07 00:23:39,656 INFO org.apache.hadoop.hdfs.server.namenode.FSNamesystem: Roll Edit Log from 127.0.0.1
2011-10-07 00:23:39,658 INFO org.apache.hadoop.hdfs.server.namenode.FSNamesystem: Number of transactions: 0 Total time for transactions(ms): 0Number of transactions batched in Syncs: 0 Number of syncs: 0 SyncTimes(ms): 0 
2011-10-07 00:23:40,409 INFO org.apache.hadoop.hdfs.server.namenode.FSNamesystem: Roll FSImage from 127.0.0.1
2011-10-07 00:23:40,410 INFO org.apache.hadoop.hdfs.server.namenode.FSNamesystem: Number of transactions: 0 Total time for transactions(ms): 0Number of transactions batched in Syncs: 0 Number of syncs: 1 SyncTimes(ms): 2 
2011-10-07 01:02:43,002 INFO org.apache.hadoop.hdfs.StateChange: *BLOCK* NameSystem.processReport: from 127.0.0.1:50010, blocks: 1, processing time: 0 msecs
2011-10-07 01:23:42,600 INFO org.apache.hadoop.hdfs.server.namenode.FSNamesystem: Roll Edit Log from 127.0.0.1
2011-10-07 01:23:42,601 INFO org.apache.hadoop.hdfs.server.namenode.FSNamesystem: Number of transactions: 0 Total time for transactions(ms): 0Number of transactions batched in Syncs: 0 Number of syncs: 0 SyncTimes(ms): 0 
2011-10-07 01:23:43,566 INFO org.apache.hadoop.hdfs.server.namenode.FSNamesystem: Roll FSImage from 127.0.0.1
2011-10-07 01:23:43,567 INFO org.apache.hadoop.hdfs.server.namenode.FSNamesystem: Number of transactions: 0 Total time for transactions(ms): 0Number of transactions batched in Syncs: 0 Number of syncs: 1 SyncTimes(ms): 2 
2011-10-07 02:02:41,227 INFO org.apache.hadoop.hdfs.StateChange: *BLOCK* NameSystem.processReport: from 127.0.0.1:50010, blocks: 1, processing time: 0 msecs
2011-10-07 02:23:43,800 INFO org.apache.hadoop.hdfs.server.namenode.FSNamesystem: Roll Edit Log from 127.0.0.1
2011-10-07 02:23:43,802 INFO org.apache.hadoop.hdfs.server.namenode.FSNamesystem: Number of transactions: 0 Total time for transactions(ms): 0Number of transactions batched in Syncs: 0 Number of syncs: 0 SyncTimes(ms): 0 
2011-10-07 02:23:44,318 INFO org.apache.hadoop.hdfs.server.namenode.FSNamesystem: Roll FSImage from 127.0.0.1
2011-10-07 02:23:44,318 INFO org.apache.hadoop.hdfs.server.namenode.FSNamesystem: Number of transactions: 0 Total time for transactions(ms): 0Number of transactions batched in Syncs: 0 Number of syncs: 1 SyncTimes(ms): 10 
2011-10-07 03:02:40,310 INFO org.apache.hadoop.hdfs.StateChange: *BLOCK* NameSystem.processReport: from 127.0.0.1:50010, blocks: 1, processing time: 0 msecs
2011-10-07 03:23:45,748 INFO org.apache.hadoop.hdfs.server.namenode.FSNamesystem: Roll Edit Log from 127.0.0.1
2011-10-07 03:23:45,752 INFO org.apache.hadoop.hdfs.server.namenode.FSNamesystem: Number of transactions: 0 Total time for transactions(ms): 0Number of transactions batched in Syncs: 0 Number of syncs: 0 SyncTimes(ms): 0 
2011-10-07 03:25:55,636 INFO org.apache.hadoop.hdfs.server.namenode.FSNamesystem: Roll FSImage from 127.0.0.1
2011-10-07 03:25:55,637 INFO org.apache.hadoop.hdfs.server.namenode.FSNamesystem: Number of transactions: 0 Total time for transactions(ms): 0Number of transactions batched in Syncs: 0 Number of syncs: 1 SyncTimes(ms): 47 
2011-10-07 15:08:22,538 WARN org.apache.hadoop.conf.Configuration: DEPRECATED: hadoop-site.xml found in the classpath. Usage of hadoop-site.xml is deprecated. Instead use core-site.xml, mapred-site.xml and hdfs-site.xml to override properties of core-default.xml, mapred-default.xml and hdfs-default.xml respectively
2011-10-07 15:08:22,630 INFO org.apache.hadoop.hdfs.server.namenode.NameNode: STARTUP_MSG: 
/************************************************************
STARTUP_MSG: Starting NameNode
STARTUP_MSG:   host = ubuntu/127.0.1.1
STARTUP_MSG:   args = []
STARTUP_MSG:   version = 0.20.204.0
STARTUP_MSG:   build = git://hrt8n35.cc1.ygridcore.net/ on branch branch-0.20-security-204 -r 65e258bf0813ac2b15bb4c954660eaf9e8fba141; compiled by 'hortonow' on Thu Aug 25 23:35:31 UTC 2011
************************************************************/
2011-10-07 15:08:24,134 INFO org.apache.hadoop.metrics2.impl.MetricsConfig: loaded properties from hadoop-metrics2.properties
2011-10-07 15:08:24,155 INFO org.apache.hadoop.metrics2.impl.MetricsSourceAdapter: MBean for source MetricsSystem,sub=Stats registered.
2011-10-07 15:08:24,156 INFO org.apache.hadoop.metrics2.impl.MetricsSystemImpl: Scheduled snapshot period at 10 second(s).
2011-10-07 15:08:24,156 INFO org.apache.hadoop.metrics2.impl.MetricsSystemImpl: NameNode metrics system started
2011-10-07 15:08:25,146 INFO org.apache.hadoop.metrics2.impl.MetricsSourceAdapter: MBean for source ugi registered.
2011-10-07 15:08:25,149 WARN org.apache.hadoop.metrics2.impl.MetricsSystemImpl: Source name ugi already exists!
2011-10-07 15:08:25,197 INFO org.apache.hadoop.metrics2.impl.MetricsSourceAdapter: MBean for source jvm registered.
2011-10-07 15:08:25,198 INFO org.apache.hadoop.metrics2.impl.MetricsSourceAdapter: MBean for source NameNode registered.
2011-10-07 15:08:25,288 INFO org.apache.hadoop.hdfs.util.GSet: VM type       = 32-bit
2011-10-07 15:08:25,288 INFO org.apache.hadoop.hdfs.util.GSet: 2% max memory = 38.6675 MB
2011-10-07 15:08:25,288 INFO org.apache.hadoop.hdfs.util.GSet: capacity      = 2^23 = 8388608 entries
2011-10-07 15:08:25,288 INFO org.apache.hadoop.hdfs.util.GSet: recommended=8388608, actual=8388608
2011-10-07 15:08:25,647 INFO org.apache.hadoop.hdfs.server.namenode.FSNamesystem: fsOwner=sameer
2011-10-07 15:08:25,708 INFO org.apache.hadoop.hdfs.server.namenode.FSNamesystem: supergroup=supergroup
2011-10-07 15:08:25,708 INFO org.apache.hadoop.hdfs.server.namenode.FSNamesystem: isPermissionEnabled=true
2011-10-07 15:08:25,714 INFO org.apache.hadoop.hdfs.server.namenode.FSNamesystem: dfs.block.invalidate.limit=100
2011-10-07 15:08:25,715 INFO org.apache.hadoop.hdfs.server.namenode.FSNamesystem: isAccessTokenEnabled=false accessKeyUpdateInterval=0 min(s), accessTokenLifetime=0 min(s)
2011-10-07 15:08:25,781 INFO org.apache.hadoop.hdfs.server.namenode.FSNamesystem: Registered FSNamesystemStateMBean and NameNodeMXBean
2011-10-07 15:08:25,842 INFO org.apache.hadoop.hdfs.server.namenode.NameNode: Caching file names occuring more than 10 times 
2011-10-07 15:08:25,847 INFO org.apache.hadoop.hdfs.server.common.Storage: Storage directory /tmp/hadoop-sameer/dfs/name does not exist.
2011-10-07 15:08:25,851 ERROR org.apache.hadoop.hdfs.server.namenode.FSNamesystem: FSNamesystem initialization failed.
org.apache.hadoop.hdfs.server.common.InconsistentFSStateException: Directory /tmp/hadoop-sameer/dfs/name is in an inconsistent state: storage directory does not exist or is not accessible.
	at org.apache.hadoop.hdfs.server.namenode.FSImage.recoverTransitionRead(FSImage.java:291)
	at org.apache.hadoop.hdfs.server.namenode.FSDirectory.loadFSImage(FSDirectory.java:97)
	at org.apache.hadoop.hdfs.server.namenode.FSNamesystem.initialize(FSNamesystem.java:379)
	at org.apache.hadoop.hdfs.server.namenode.FSNamesystem.<init>(FSNamesystem.java:353)
	at org.apache.hadoop.hdfs.server.namenode.NameNode.initialize(NameNode.java:254)
	at org.apache.hadoop.hdfs.server.namenode.NameNode.<init>(NameNode.java:434)
	at org.apache.hadoop.hdfs.server.namenode.NameNode.createNameNode(NameNode.java:1153)
	at org.apache.hadoop.hdfs.server.namenode.NameNode.main(NameNode.java:1162)
2011-10-07 15:08:25,852 ERROR org.apache.hadoop.hdfs.server.namenode.NameNode: org.apache.hadoop.hdfs.server.common.InconsistentFSStateException: Directory /tmp/hadoop-sameer/dfs/name is in an inconsistent state: storage directory does not exist or is not accessible.
	at org.apache.hadoop.hdfs.server.namenode.FSImage.recoverTransitionRead(FSImage.java:291)
	at org.apache.hadoop.hdfs.server.namenode.FSDirectory.loadFSImage(FSDirectory.java:97)
	at org.apache.hadoop.hdfs.server.namenode.FSNamesystem.initialize(FSNamesystem.java:379)
	at org.apache.hadoop.hdfs.server.namenode.FSNamesystem.<init>(FSNamesystem.java:353)
	at org.apache.hadoop.hdfs.server.namenode.NameNode.initialize(NameNode.java:254)
	at org.apache.hadoop.hdfs.server.namenode.NameNode.<init>(NameNode.java:434)
	at org.apache.hadoop.hdfs.server.namenode.NameNode.createNameNode(NameNode.java:1153)
	at org.apache.hadoop.hdfs.server.namenode.NameNode.main(NameNode.java:1162)

2011-10-07 15:08:25,853 INFO org.apache.hadoop.hdfs.server.namenode.NameNode: SHUTDOWN_MSG: 
/************************************************************
SHUTDOWN_MSG: Shutting down NameNode at ubuntu/127.0.1.1
************************************************************/
2011-10-07 15:09:12,299 WARN org.apache.hadoop.conf.Configuration: DEPRECATED: hadoop-site.xml found in the classpath. Usage of hadoop-site.xml is deprecated. Instead use core-site.xml, mapred-site.xml and hdfs-site.xml to override properties of core-default.xml, mapred-default.xml and hdfs-default.xml respectively
2011-10-07 15:09:12,319 INFO org.apache.hadoop.hdfs.server.namenode.NameNode: STARTUP_MSG: 
/************************************************************
STARTUP_MSG: Starting NameNode
STARTUP_MSG:   host = ubuntu/127.0.1.1
STARTUP_MSG:   args = []
STARTUP_MSG:   version = 0.20.204.0
STARTUP_MSG:   build = git://hrt8n35.cc1.ygridcore.net/ on branch branch-0.20-security-204 -r 65e258bf0813ac2b15bb4c954660eaf9e8fba141; compiled by 'hortonow' on Thu Aug 25 23:35:31 UTC 2011
************************************************************/
2011-10-07 15:09:12,443 INFO org.apache.hadoop.metrics2.impl.MetricsConfig: loaded properties from hadoop-metrics2.properties
2011-10-07 15:09:12,461 INFO org.apache.hadoop.metrics2.impl.MetricsSourceAdapter: MBean for source MetricsSystem,sub=Stats registered.
2011-10-07 15:09:12,462 INFO org.apache.hadoop.metrics2.impl.MetricsSystemImpl: Scheduled snapshot period at 10 second(s).
2011-10-07 15:09:12,462 INFO org.apache.hadoop.metrics2.impl.MetricsSystemImpl: NameNode metrics system started
2011-10-07 15:09:12,526 INFO org.apache.hadoop.metrics2.impl.MetricsSourceAdapter: MBean for source ugi registered.
2011-10-07 15:09:12,529 WARN org.apache.hadoop.metrics2.impl.MetricsSystemImpl: Source name ugi already exists!
2011-10-07 15:09:12,535 INFO org.apache.hadoop.metrics2.impl.MetricsSourceAdapter: MBean for source jvm registered.
2011-10-07 15:09:12,536 INFO org.apache.hadoop.metrics2.impl.MetricsSourceAdapter: MBean for source NameNode registered.
2011-10-07 15:09:12,564 INFO org.apache.hadoop.hdfs.util.GSet: VM type       = 32-bit
2011-10-07 15:09:12,564 INFO org.apache.hadoop.hdfs.util.GSet: 2% max memory = 38.6675 MB
2011-10-07 15:09:12,564 INFO org.apache.hadoop.hdfs.util.GSet: capacity      = 2^23 = 8388608 entries
2011-10-07 15:09:12,564 INFO org.apache.hadoop.hdfs.util.GSet: recommended=8388608, actual=8388608
2011-10-07 15:09:12,672 INFO org.apache.hadoop.hdfs.server.namenode.FSNamesystem: fsOwner=sameer
2011-10-07 15:09:12,672 INFO org.apache.hadoop.hdfs.server.namenode.FSNamesystem: supergroup=supergroup
2011-10-07 15:09:12,672 INFO org.apache.hadoop.hdfs.server.namenode.FSNamesystem: isPermissionEnabled=true
2011-10-07 15:09:12,676 INFO org.apache.hadoop.hdfs.server.namenode.FSNamesystem: dfs.block.invalidate.limit=100
2011-10-07 15:09:12,676 INFO org.apache.hadoop.hdfs.server.namenode.FSNamesystem: isAccessTokenEnabled=false accessKeyUpdateInterval=0 min(s), accessTokenLifetime=0 min(s)
2011-10-07 15:09:12,686 INFO org.apache.hadoop.hdfs.server.namenode.FSNamesystem: Registered FSNamesystemStateMBean and NameNodeMXBean
2011-10-07 15:09:12,702 INFO org.apache.hadoop.hdfs.server.namenode.NameNode: Caching file names occuring more than 10 times 
2011-10-07 15:09:12,709 INFO org.apache.hadoop.hdfs.server.common.Storage: Number of files = 1
2011-10-07 15:09:12,713 INFO org.apache.hadoop.hdfs.server.common.Storage: Number of files under construction = 0
2011-10-07 15:09:12,713 INFO org.apache.hadoop.hdfs.server.common.Storage: Image file of size 112 loaded in 0 seconds.
2011-10-07 15:09:12,713 INFO org.apache.hadoop.hdfs.server.common.Storage: Edits file /tmp/hadoop-sameer/dfs/name/current/edits of size 4 edits # 0 loaded in 0 seconds.
2011-10-07 15:09:12,715 INFO org.apache.hadoop.hdfs.server.common.Storage: Image file of size 112 saved in 0 seconds.
2011-10-07 15:09:12,742 INFO org.apache.hadoop.hdfs.server.common.Storage: Image file of size 112 saved in 0 seconds.
2011-10-07 15:09:12,764 INFO org.apache.hadoop.hdfs.server.namenode.NameCache: initialized with 0 entries 0 lookups
2011-10-07 15:09:12,764 INFO org.apache.hadoop.hdfs.server.namenode.FSNamesystem: Finished loading FSImage in 98 msecs
2011-10-07 15:09:12,793 INFO org.apache.hadoop.hdfs.server.namenode.FSNamesystem: Total number of blocks = 0
2011-10-07 15:09:12,793 INFO org.apache.hadoop.hdfs.server.namenode.FSNamesystem: Number of invalid blocks = 0
2011-10-07 15:09:12,793 INFO org.apache.hadoop.hdfs.server.namenode.FSNamesystem: Number of under-replicated blocks = 0
2011-10-07 15:09:12,793 INFO org.apache.hadoop.hdfs.server.namenode.FSNamesystem: Number of  over-replicated blocks = 0
2011-10-07 15:09:12,793 INFO org.apache.hadoop.hdfs.StateChange: STATE* Safe mode termination scan for invalid, over- and under-replicated blocks completed in 27 msec
2011-10-07 15:09:12,793 INFO org.apache.hadoop.hdfs.StateChange: STATE* Leaving safe mode after 0 secs.
2011-10-07 15:09:12,794 INFO org.apache.hadoop.hdfs.StateChange: STATE* Network topology has 0 racks and 0 datanodes
2011-10-07 15:09:12,794 INFO org.apache.hadoop.hdfs.StateChange: STATE* UnderReplicatedBlocks has 0 blocks
2011-10-07 15:09:12,799 INFO org.apache.hadoop.util.HostsFileReader: Refreshing hosts (include/exclude) list
2011-10-07 15:09:12,802 INFO org.apache.hadoop.hdfs.server.namenode.FSNamesystem: ReplicateQueue QueueProcessingStatistics: First cycle completed 0 blocks in 1 msec
2011-10-07 15:09:12,802 INFO org.apache.hadoop.hdfs.server.namenode.FSNamesystem: ReplicateQueue QueueProcessingStatistics: Queue flush completed 0 blocks in 1 msec processing time, 1 msec clock time, 1 cycles
2011-10-07 15:09:12,802 INFO org.apache.hadoop.hdfs.server.namenode.FSNamesystem: InvalidateQueue QueueProcessingStatistics: First cycle completed 0 blocks in 0 msec
2011-10-07 15:09:12,802 INFO org.apache.hadoop.hdfs.server.namenode.FSNamesystem: InvalidateQueue QueueProcessingStatistics: Queue flush completed 0 blocks in 0 msec processing time, 0 msec clock time, 1 cycles
2011-10-07 15:09:12,806 INFO org.apache.hadoop.metrics2.impl.MetricsSourceAdapter: MBean for source FSNamesystemMetrics registered.
2011-10-07 15:09:12,825 INFO org.apache.hadoop.metrics2.impl.MetricsSourceAdapter: MBean for source RpcDetailedActivityForPort54310 registered.
2011-10-07 15:09:12,826 INFO org.apache.hadoop.metrics2.impl.MetricsSourceAdapter: MBean for source RpcActivityForPort54310 registered.
2011-10-07 15:09:12,828 INFO org.apache.hadoop.hdfs.server.namenode.NameNode: Namenode up at: localhost/127.0.0.1:54310
2011-10-07 15:09:12,829 INFO org.apache.hadoop.ipc.Server: Starting SocketReader
2011-10-07 15:09:17,932 INFO org.mortbay.log: Logging to org.slf4j.impl.Log4jLoggerAdapter(org.mortbay.log) via org.mortbay.log.Slf4jLog
2011-10-07 15:09:17,992 INFO org.apache.hadoop.http.HttpServer: Added global filtersafety (class=org.apache.hadoop.http.HttpServer$QuotingInputFilter)
2011-10-07 15:09:18,002 INFO org.apache.hadoop.http.HttpServer: Port returned by webServer.getConnectors()[0].getLocalPort() before open() is -1. Opening the listener on 50070
2011-10-07 15:09:18,004 INFO org.apache.hadoop.http.HttpServer: listener.getLocalPort() returned 50070 webServer.getConnectors()[0].getLocalPort() returned 50070
2011-10-07 15:09:18,004 INFO org.apache.hadoop.http.HttpServer: Jetty bound to port 50070
2011-10-07 15:09:18,004 INFO org.mortbay.log: jetty-6.1.26
2011-10-07 15:09:18,355 INFO org.mortbay.log: Started SelectChannelConnector@0.0.0.0:50070
2011-10-07 15:09:18,355 INFO org.apache.hadoop.hdfs.server.namenode.NameNode: Web-server up at: 0.0.0.0:50070
2011-10-07 15:09:18,356 INFO org.apache.hadoop.ipc.Server: IPC Server Responder: starting
2011-10-07 15:09:18,357 INFO org.apache.hadoop.ipc.Server: IPC Server listener on 54310: starting
2011-10-07 15:09:18,366 INFO org.apache.hadoop.ipc.Server: IPC Server handler 0 on 54310: starting
2011-10-07 15:09:18,366 INFO org.apache.hadoop.ipc.Server: IPC Server handler 1 on 54310: starting
2011-10-07 15:09:18,367 INFO org.apache.hadoop.ipc.Server: IPC Server handler 2 on 54310: starting
2011-10-07 15:09:18,367 INFO org.apache.hadoop.ipc.Server: IPC Server handler 3 on 54310: starting
2011-10-07 15:09:18,367 INFO org.apache.hadoop.ipc.Server: IPC Server handler 4 on 54310: starting
2011-10-07 15:09:18,368 INFO org.apache.hadoop.ipc.Server: IPC Server handler 5 on 54310: starting
2011-10-07 15:09:18,368 INFO org.apache.hadoop.ipc.Server: IPC Server handler 6 on 54310: starting
2011-10-07 15:09:18,368 INFO org.apache.hadoop.ipc.Server: IPC Server handler 7 on 54310: starting
2011-10-07 15:09:18,368 INFO org.apache.hadoop.ipc.Server: IPC Server handler 8 on 54310: starting
2011-10-07 15:09:18,384 INFO org.apache.hadoop.ipc.Server: IPC Server handler 9 on 54310: starting
2011-10-07 15:09:22,677 INFO org.apache.hadoop.ipc.Server: IPC Server handler 5 on 54310, call addBlock(/tmp/hadoop-sameer/mapred/system/jobtracker.info, DFSClient_-986569166) from 127.0.0.1:43879: error: java.io.IOException: File /tmp/hadoop-sameer/mapred/system/jobtracker.info could only be replicated to 0 nodes, instead of 1
java.io.IOException: File /tmp/hadoop-sameer/mapred/system/jobtracker.info could only be replicated to 0 nodes, instead of 1
	at org.apache.hadoop.hdfs.server.namenode.FSNamesystem.getAdditionalBlock(FSNamesystem.java:1416)
	at org.apache.hadoop.hdfs.server.namenode.NameNode.addBlock(NameNode.java:596)
	at sun.reflect.NativeMethodAccessorImpl.invoke0(Native Method)
	at sun.reflect.NativeMethodAccessorImpl.invoke(NativeMethodAccessorImpl.java:57)
	at sun.reflect.DelegatingMethodAccessorImpl.invoke(DelegatingMethodAccessorImpl.java:43)
	at java.lang.reflect.Method.invoke(Method.java:616)
	at org.apache.hadoop.ipc.RPC$Server.call(RPC.java:523)
	at org.apache.hadoop.ipc.Server$Handler$1.run(Server.java:1388)
	at org.apache.hadoop.ipc.Server$Handler$1.run(Server.java:1384)
	at java.security.AccessController.doPrivileged(Native Method)
	at javax.security.auth.Subject.doAs(Subject.java:416)
	at org.apache.hadoop.security.UserGroupInformation.doAs(UserGroupInformation.java:1059)
	at org.apache.hadoop.ipc.Server$Handler.run(Server.java:1382)
2011-10-07 15:09:32,725 INFO org.apache.hadoop.hdfs.StateChange: BLOCK* NameSystem.registerDatanode: node registration from 127.0.0.1:50010 storage DS-1601956865-127.0.1.1-50010-1318025372713
2011-10-07 15:09:32,729 INFO org.apache.hadoop.net.NetworkTopology: Adding a new node: /default-rack/127.0.0.1:50010
2011-10-07 15:09:32,756 INFO org.apache.hadoop.hdfs.StateChange: BLOCK* NameSystem.allocateBlock: /tmp/hadoop-sameer/mapred/system/jobtracker.info. blk_1722427738024249725_1002
2011-10-07 15:09:32,763 INFO org.apache.hadoop.hdfs.StateChange: *BLOCK* NameSystem.processReport: from 127.0.0.1:50010, blocks: 0, processing time: 1 msecs
2011-10-07 15:09:32,916 INFO org.apache.hadoop.hdfs.StateChange: BLOCK* NameSystem.addStoredBlock: blockMap updated: 127.0.0.1:50010 is added to blk_1722427738024249725_1002 size 4
2011-10-07 15:09:32,924 INFO org.apache.hadoop.hdfs.StateChange: DIR* NameSystem.completeFile: file /tmp/hadoop-sameer/mapred/system/jobtracker.info is closed by DFSClient_-986569166
2011-10-07 15:13:18,049 INFO org.apache.hadoop.hdfs.server.namenode.FSNamesystem: Number of transactions: 16 Total time for transactions(ms): 0Number of transactions batched in Syncs: 0 Number of syncs: 9 SyncTimes(ms): 44 
2011-10-07 15:14:21,005 INFO org.apache.hadoop.hdfs.server.namenode.FSNamesystem: Roll Edit Log from 127.0.0.1
2011-10-07 15:14:21,006 INFO org.apache.hadoop.hdfs.server.namenode.FSNamesystem: Number of transactions: 17 Total time for transactions(ms): 0Number of transactions batched in Syncs: 0 Number of syncs: 11 SyncTimes(ms): 45 
2011-10-07 15:14:21,616 INFO org.apache.hadoop.hdfs.server.namenode.FSNamesystem: Roll FSImage from 127.0.0.1
2011-10-07 15:14:21,616 INFO org.apache.hadoop.hdfs.server.namenode.FSNamesystem: Number of transactions: 0 Total time for transactions(ms): 0Number of transactions batched in Syncs: 0 Number of syncs: 1 SyncTimes(ms): 13 
2011-10-07 15:16:26,245 INFO org.apache.hadoop.hdfs.server.namenode.FSNamesystem: Number of transactions: 2 Total time for transactions(ms): 0Number of transactions batched in Syncs: 0 Number of syncs: 1 SyncTimes(ms): 119 
2011-10-07 16:00:54,848 INFO org.apache.hadoop.hdfs.StateChange: *BLOCK* NameSystem.processReport: from 127.0.0.1:50010, blocks: 1, processing time: 0 msecs
2011-10-07 16:14:21,795 INFO org.apache.hadoop.hdfs.server.namenode.FSNamesystem: Roll Edit Log from 127.0.0.1
2011-10-07 16:14:21,802 INFO org.apache.hadoop.hdfs.server.namenode.FSNamesystem: Number of transactions: 2 Total time for transactions(ms): 0Number of transactions batched in Syncs: 0 Number of syncs: 2 SyncTimes(ms): 120 
2011-10-07 16:14:22,279 INFO org.apache.hadoop.hdfs.server.namenode.FSNamesystem: Roll FSImage from 127.0.0.1
2011-10-07 16:14:22,279 INFO org.apache.hadoop.hdfs.server.namenode.FSNamesystem: Number of transactions: 0 Total time for transactions(ms): 0Number of transactions batched in Syncs: 0 Number of syncs: 1 SyncTimes(ms): 4 
