#
# A fatal error has been detected by the Java Runtime Environment:
#
#  SIGSEGV (0xb) at pc=0xb4ae5d0c, pid=29435, tid=3079490416
#
# JRE version: 6.0_22-b22
# Java VM: OpenJDK Server VM (20.0-b11 mixed mode linux-x86 )
# Derivative: IcedTea6 1.10.4
# Distribution: Ubuntu 11.04, package 6b22-1.10.4-0ubuntu1~11.04.1
# Problematic frame:
# J  com.sun.tools.javac.code.Type$ClassType.isRaw()Z
#
# If you would like to submit a bug report, please include
# instructions how to reproduce the bug and visit:
#   https://bugs.launchpad.net/ubuntu/+source/openjdk-6/
#

---------------  T H R E A D  ---------------

Current thread (0x094bf400):  JavaThread "main" [_thread_in_Java, id=29437, stack(0xb7884000,0xb78d5000)]

siginfo:si_signo=SIGSEGV: si_errno=0, si_code=128 (), si_addr=0x00000000

Registers:
EAX=0x7ea933c0, EBX=0x7ea933c0, ECX=0xaa3c29a8, EDX=0x7ea939e8
ESP=0xb78d204c, EBP=0xb78d2080, ESI=0xb78d205c, EDI=0xb4ae5d0c
EIP=0xb4ae5d0c, EFLAGS=0x00210a06, CR2=0x00000004

Top of Stack: (sp=0xb78d204c)
0xb78d204c:   b488710d aa3c29a8 aa39ae68 b488710d
0xb78d205c:   aa3c29a8 b78d2060 7eb50aab b78d20c4
0xb78d206c:   7eb55f68 7eca3690 7eb50f98 b78d205c
0xb78d207c:   b78d20a8 b78d20e8 b4887047 00000000
0xb78d208c:   00000000 00000000 00000000 00000000
0xb78d209c:   00000000 00000000 aa3c29a8 00000000
0xb78d20ac:   aaa5f288 aaa5f238 a6d296e8 aaa5f1f8
0xb78d20bc:   aa3c4eb8 a801b248 a66722b8 b78d20c8 

Instructions: (pc=0xb4ae5d0c)
0xb4ae5cec:   01 f8 2d ec 05 50 00 10 05 68 05 68 01 f8 fe fe
0xb4ae5cfc:   05 90 05 68 3b 41 04 0f 85 97 b1 dc ff 66 66 90
0xb4ae5d0c:   89 84 24 00 d0 ff ff 55 81 ec 38 00 00 00 8b d9
0xb4ae5d1c:   8b 69 0c 8b 55 1c 3b ca 74 62 8b 6a 04 81 fd e8 

Register to memory mapping:

EAX=0x7ea933c0 is an oop
{method} 
 - klass: {other class}
EBX=0x7ea933c0 is an oop
{method} 
 - klass: {other class}
ECX=0xaa3c29a8 is an oop
com.sun.tools.javac.code.Type$ClassType 
 - klass: 'com/sun/tools/javac/code/Type$ClassType'
EDX=0x7ea939e8 is an oop
{instance class} 
 - klass: {other class}
ESP=0xb78d204c is pointing into the stack for thread: 0x094bf400
EBP=0xb78d2080 is pointing into the stack for thread: 0x094bf400
ESI=0xb78d205c is pointing into the stack for thread: 0x094bf400
EDI=0xb4ae5908 [CodeBlob (0xb4ae5908)]
Framesize: 16


Stack: [0xb7884000,0xb78d5000],  sp=0xb78d204c,  free space=312k
Native frames: (J=compiled Java code, j=interpreted, Vv=VM code, C=native code)
J  com.sun.tools.javac.code.Type$ClassType.isRaw()Z
j  com.sun.tools.javac.comp.Attr.checkId(Lcom/sun/tools/javac/tree/JCTree;Lcom/sun/tools/javac/code/Type;Lcom/sun/tools/javac/code/Symbol;Lcom/sun/tools/javac/comp/Env;ILcom/sun/tools/javac/code/Type;Z)Lcom/sun/tools/javac/code/Type;+624
j  com.sun.tools.javac.comp.Attr.visitSelect(Lcom/sun/tools/javac/tree/JCTree$JCFieldAccess;)V+849
j  com.sun.tools.javac.tree.JCTree$JCFieldAccess.accept(Lcom/sun/tools/javac/tree/JCTree$Visitor;)V+2


---------------  P R O C E S S  ---------------

Java Threads: ( => current thread )
  0x09943000 JavaThread "Thread-11" daemon [_thread_in_native, id=29488, stack(0x7c21c000,0x7c26d000)]
  0x097c2400 JavaThread "Keep-Alive-Timer" daemon [_thread_blocked, id=29477, stack(0x7c652000,0x7c6a3000)]
  0x7cd51000 JavaThread "Low Memory Detector" daemon [_thread_blocked, id=29446, stack(0x7c839000,0x7c88a000)]
  0x7cd4f000 JavaThread "C2 CompilerThread1" daemon [_thread_in_native, id=29445, stack(0x7c88a000,0x7c90b000)]
  0x7cd4d000 JavaThread "C2 CompilerThread0" daemon [_thread_in_native, id=29444, stack(0x7c90b000,0x7c98c000)]
  0x7cd4bc00 JavaThread "Signal Dispatcher" daemon [_thread_blocked, id=29443, stack(0x7c98c000,0x7c9dd000)]
  0x7cd3c000 JavaThread "Finalizer" daemon [_thread_blocked, id=29442, stack(0x7cbdd000,0x7cc2e000)]
  0x7cd3a800 JavaThread "Reference Handler" daemon [_thread_blocked, id=29441, stack(0x7cc2e000,0x7cc7f000)]
=>0x094bf400 JavaThread "main" [_thread_in_Java, id=29437, stack(0xb7884000,0xb78d5000)]

Other Threads:
  0x7cd36c00 VMThread [stack: 0x7cc7f000,0x7cd00000] [id=29440]
  0x7cd52c00 WatcherThread [stack: 0x7c7b8000,0x7c839000] [id=29447]

VM state:not at safepoint (normal execution)

VM Mutex/Monitor currently owned by a thread: None

Heap
 PSYoungGen      total 103168K, used 102518K [0xa4bc0000, 0xb16a0000, 0xb47c0000)
  eden space 97280K, 100% used [0xa4bc0000,0xaaac0000,0xaaac0000)
  from space 5888K, 88% used [0xaaac0000,0xaafddbf0,0xab080000)
  to   space 6592K, 0% used [0xb1030000,0xb1030000,0xb16a0000)
 PSOldGen        total 32256K, used 6984K [0x853c0000, 0x87340000, 0xa4bc0000)
  object space 32256K, 21% used [0x853c0000,0x85a923c8,0x87340000)
 PSPermGen       total 25600K, used 25496K [0x7d3c0000, 0x7ecc0000, 0x853c0000)
  object space 25600K, 99% used [0x7d3c0000,0x7eca6138,0x7ecc0000)

Code Cache  [0xb4884000, 0xb4aec000, 0xb7884000)
 total_blobs=852 nmethods=708 adapters=97 free_code_cache=47865664 largest_free_block=13184

Dynamic libraries:
00110000-00134000 r-xp 00000000 08:01 2098022    /lib/i386-linux-gnu/libm-2.13.so
00134000-00135000 r--p 00023000 08:01 2098022    /lib/i386-linux-gnu/libm-2.13.so
00135000-00136000 rw-p 00024000 08:01 2098022    /lib/i386-linux-gnu/libm-2.13.so
00136000-00141000 r-xp 00000000 08:01 1704650    /usr/lib/jvm/java-6-openjdk/jre/lib/i386/libverify.so
00141000-00142000 ---p 0000b000 08:01 1704650    /usr/lib/jvm/java-6-openjdk/jre/lib/i386/libverify.so
00142000-00143000 r--p 0000b000 08:01 1704650    /usr/lib/jvm/java-6-openjdk/jre/lib/i386/libverify.so
00143000-00144000 rw-p 0000c000 08:01 1704650    /usr/lib/jvm/java-6-openjdk/jre/lib/i386/libverify.so
00144000-00167000 r-xp 00000000 08:01 1704634    /usr/lib/jvm/java-6-openjdk/jre/lib/i386/libjava.so
00167000-00168000 r--p 00022000 08:01 1704634    /usr/lib/jvm/java-6-openjdk/jre/lib/i386/libjava.so
00168000-0016a000 rw-p 00023000 08:01 1704634    /usr/lib/jvm/java-6-openjdk/jre/lib/i386/libjava.so
0016a000-0017d000 r-xp 00000000 08:01 2098025    /lib/i386-linux-gnu/libnsl-2.13.so
0017d000-0017e000 r--p 00012000 08:01 2098025    /lib/i386-linux-gnu/libnsl-2.13.so
0017e000-0017f000 rw-p 00013000 08:01 2098025    /lib/i386-linux-gnu/libnsl-2.13.so
0017f000-00181000 rw-p 00000000 00:00 0 
00181000-0018a000 r-xp 00000000 08:01 2098035    /lib/i386-linux-gnu/libnss_nis-2.13.so
0018a000-0018b000 r--p 00008000 08:01 2098035    /lib/i386-linux-gnu/libnss_nis-2.13.so
0018b000-0018c000 rw-p 00009000 08:01 2098035    /lib/i386-linux-gnu/libnss_nis-2.13.so
0018c000-00196000 r-xp 00000000 08:01 2098031    /lib/i386-linux-gnu/libnss_files-2.13.so
00196000-00197000 r--p 00009000 08:01 2098031    /lib/i386-linux-gnu/libnss_files-2.13.so
00197000-00198000 rw-p 0000a000 08:01 2098031    /lib/i386-linux-gnu/libnss_files-2.13.so
00198000-001a9000 r-xp 00000000 08:01 2098052    /lib/i386-linux-gnu/libresolv-2.13.so
001a9000-001aa000 r--p 00010000 08:01 2098052    /lib/i386-linux-gnu/libresolv-2.13.so
001aa000-001ab000 rw-p 00011000 08:01 2098052    /lib/i386-linux-gnu/libresolv-2.13.so
001ab000-001ad000 rw-p 00000000 00:00 0 
001b5000-001b9000 r-xp 00000000 08:01 2098029    /lib/i386-linux-gnu/libnss_dns-2.13.so
001b9000-001ba000 r--p 00004000 08:01 2098029    /lib/i386-linux-gnu/libnss_dns-2.13.so
001ba000-001bb000 rw-p 00005000 08:01 2098029    /lib/i386-linux-gnu/libnss_dns-2.13.so
001bb000-001c8000 r-xp 00000000 08:01 1704632    /usr/lib/jvm/java-6-openjdk/jre/lib/i386/libj2pkcs11.so
001c8000-001c9000 r--p 0000c000 08:01 1704632    /usr/lib/jvm/java-6-openjdk/jre/lib/i386/libj2pkcs11.so
001c9000-001ca000 rw-p 0000d000 08:01 1704632    /usr/lib/jvm/java-6-openjdk/jre/lib/i386/libj2pkcs11.so
00236000-00390000 r-xp 00000000 08:01 2097985    /lib/i386-linux-gnu/libc-2.13.so
00390000-00391000 ---p 0015a000 08:01 2097985    /lib/i386-linux-gnu/libc-2.13.so
00391000-00393000 r--p 0015a000 08:01 2097985    /lib/i386-linux-gnu/libc-2.13.so
00393000-00394000 rw-p 0015c000 08:01 2097985    /lib/i386-linux-gnu/libc-2.13.so
00394000-00397000 rw-p 00000000 00:00 0 
0040d000-00427000 r-xp 00000000 08:01 2098013    /lib/i386-linux-gnu/libgcc_s.so.1
00427000-00428000 r--p 00019000 08:01 2098013    /lib/i386-linux-gnu/libgcc_s.so.1
00428000-00429000 rw-p 0001a000 08:01 2098013    /lib/i386-linux-gnu/libgcc_s.so.1
00429000-00534000 r-xp 00000000 08:01 407190     /usr/lib/libnss3.so
00534000-00537000 r--p 0010a000 08:01 407190     /usr/lib/libnss3.so
00537000-00539000 rw-p 0010d000 08:01 407190     /usr/lib/libnss3.so
0055b000-0055d000 r-xp 00000000 08:01 2097995    /lib/i386-linux-gnu/libdl-2.13.so
0055d000-0055e000 r--p 00001000 08:01 2097995    /lib/i386-linux-gnu/libdl-2.13.so
0055e000-0055f000 rw-p 00002000 08:01 2097995    /lib/i386-linux-gnu/libdl-2.13.so
0057c000-005ab000 r-xp 00000000 08:01 397445     /usr/lib/libnspr4.so
005ab000-005ac000 r--p 0002e000 08:01 397445     /usr/lib/libnspr4.so
005ac000-005ad000 rw-p 0002f000 08:01 397445     /usr/lib/libnspr4.so
005ad000-005af000 rw-p 00000000 00:00 0 
005af000-00636000 r-xp 00000000 08:01 399718     /usr/lib/i386-linux-gnu/libsqlite3.so.0.8.6
00636000-00637000 ---p 00087000 08:01 399718     /usr/lib/i386-linux-gnu/libsqlite3.so.0.8.6
00637000-00638000 r--p 00087000 08:01 399718     /usr/lib/i386-linux-gnu/libsqlite3.so.0.8.6
00638000-00639000 rw-p 00088000 08:01 399718     /usr/lib/i386-linux-gnu/libsqlite3.so.0.8.6
00639000-0063a000 rw-p 00000000 00:00 0 
0063f000-00641000 r-xp 00000000 08:01 2097220    /lib/libnss_mdns4_minimal.so.2
00641000-00642000 r--p 00001000 08:01 2097220    /lib/libnss_mdns4_minimal.so.2
00642000-00643000 rw-p 00002000 08:01 2097220    /lib/libnss_mdns4_minimal.so.2
0070e000-00714000 r-xp 00000000 08:01 1704651    /usr/lib/jvm/java-6-openjdk/jre/lib/i386/libzip.so
00714000-00715000 r--p 00005000 08:01 1704651    /usr/lib/jvm/java-6-openjdk/jre/lib/i386/libzip.so
00715000-00716000 rw-p 00006000 08:01 1704651    /usr/lib/jvm/java-6-openjdk/jre/lib/i386/libzip.so
007b9000-007cd000 r-xp 00000000 08:01 407189     /usr/lib/libnssutil3.so
007cd000-007ce000 ---p 00014000 08:01 407189     /usr/lib/libnssutil3.so
007ce000-007d1000 r--p 00014000 08:01 407189     /usr/lib/libnssutil3.so
007d1000-007d2000 rw-p 00017000 08:01 407189     /usr/lib/libnssutil3.so
007d3000-0081d000 r-xp 00000000 08:01 407180     /usr/lib/nss/libfreebl3.so
0081d000-0081e000 r--p 0004a000 08:01 407180     /usr/lib/nss/libfreebl3.so
0081e000-0081f000 rw-p 0004b000 08:01 407180     /usr/lib/nss/libfreebl3.so
0081f000-00823000 rw-p 00000000 00:00 0 
00833000-0083a000 r-xp 00000000 08:01 2098054    /lib/i386-linux-gnu/librt-2.13.so
0083a000-0083b000 r--p 00006000 08:01 2098054    /lib/i386-linux-gnu/librt-2.13.so
0083b000-0083c000 rw-p 00007000 08:01 2098054    /lib/i386-linux-gnu/librt-2.13.so
0085e000-00861000 r-xp 00000000 08:01 1704622    /usr/lib/jvm/java-6-openjdk/jre/lib/i386/jli/libjli.so
00861000-00862000 r--p 00002000 08:01 1704622    /usr/lib/jvm/java-6-openjdk/jre/lib/i386/jli/libjli.so
00862000-00863000 rw-p 00003000 08:01 1704622    /usr/lib/jvm/java-6-openjdk/jre/lib/i386/jli/libjli.so
00869000-0086f000 r-xp 00000000 08:01 2098027    /lib/i386-linux-gnu/libnss_compat-2.13.so
0086f000-00870000 r--p 00005000 08:01 2098027    /lib/i386-linux-gnu/libnss_compat-2.13.so
00870000-00871000 rw-p 00006000 08:01 2098027    /lib/i386-linux-gnu/libnss_compat-2.13.so
0089b000-0097a000 r-xp 00000000 08:01 399720     /usr/lib/i386-linux-gnu/libstdc++.so.6.0.14
0097a000-0097e000 r--p 000de000 08:01 399720     /usr/lib/i386-linux-gnu/libstdc++.so.6.0.14
0097e000-0097f000 rw-p 000e2000 08:01 399720     /usr/lib/i386-linux-gnu/libstdc++.so.6.0.14
0097f000-00986000 rw-p 00000000 00:00 0 
009ae000-009c1000 r-xp 00000000 08:01 2098068    /lib/i386-linux-gnu/libz.so.1.2.3.4
009c1000-009c2000 r--p 00012000 08:01 2098068    /lib/i386-linux-gnu/libz.so.1.2.3.4
009c2000-009c3000 rw-p 00013000 08:01 2098068    /lib/i386-linux-gnu/libz.so.1.2.3.4
00a0e000-00a11000 r-xp 00000000 08:01 397499     /usr/lib/libplc4.so
00a11000-00a12000 r--p 00002000 08:01 397499     /usr/lib/libplc4.so
00a12000-00a13000 rw-p 00003000 08:01 397499     /usr/lib/libplc4.so
00a9f000-00ab2000 r-xp 00000000 08:01 1704644    /usr/lib/jvm/java-6-openjdk/jre/lib/i386/libnet.so
00ab2000-00ab3000 r--p 00013000 08:01 1704644    /usr/lib/jvm/java-6-openjdk/jre/lib/i386/libnet.so
00ab3000-00ab4000 rw-p 00014000 08:01 1704644    /usr/lib/jvm/java-6-openjdk/jre/lib/i386/libnet.so
00b11000-00b12000 r-xp 00000000 00:00 0          [vdso]
00bbe000-00bd3000 r-xp 00000000 08:01 2098050    /lib/i386-linux-gnu/libpthread-2.13.so
00bd3000-00bd4000 r--p 00015000 08:01 2098050    /lib/i386-linux-gnu/libpthread-2.13.so
00bd4000-00bd5000 rw-p 00016000 08:01 2098050    /lib/i386-linux-gnu/libpthread-2.13.so
00bd5000-00bd7000 rw-p 00000000 00:00 0 
00bdf000-00c16000 r-xp 00000000 08:01 407181     /usr/lib/nss/libsoftokn3.so
00c16000-00c17000 r--p 00036000 08:01 407181     /usr/lib/nss/libsoftokn3.so
00c17000-00c18000 rw-p 00037000 08:01 407181     /usr/lib/nss/libsoftokn3.so
00c2b000-00c2d000 r-xp 00000000 08:01 397500     /usr/lib/libplds4.so
00c2d000-00c2e000 r--p 00001000 08:01 397500     /usr/lib/libplds4.so
00c2e000-00c2f000 rw-p 00002000 08:01 397500     /usr/lib/libplds4.so
00c38000-00c54000 r-xp 00000000 08:01 2097972    /lib/i386-linux-gnu/ld-2.13.so
00c54000-00c55000 r--p 0001b000 08:01 2097972    /lib/i386-linux-gnu/ld-2.13.so
00c55000-00c56000 rw-p 0001c000 08:01 2097972    /lib/i386-linux-gnu/ld-2.13.so
00c56000-0131c000 r-xp 00000000 08:01 1704653    /usr/lib/jvm/java-6-openjdk/jre/lib/i386/server/libjvm.so
0131c000-0131d000 ---p 006c6000 08:01 1704653    /usr/lib/jvm/java-6-openjdk/jre/lib/i386/server/libjvm.so
0131d000-01362000 r--p 006c6000 08:01 1704653    /usr/lib/jvm/java-6-openjdk/jre/lib/i386/server/libjvm.so
01362000-01371000 rw-p 0070b000 08:01 1704653    /usr/lib/jvm/java-6-openjdk/jre/lib/i386/server/libjvm.so
01371000-0178b000 rw-p 00000000 00:00 0 
08048000-08051000 r-xp 00000000 08:01 1704674    /usr/lib/jvm/java-6-openjdk/jre/bin/java
08051000-08052000 r--p 00008000 08:01 1704674    /usr/lib/jvm/java-6-openjdk/jre/bin/java
08052000-08053000 rw-p 00009000 08:01 1704674    /usr/lib/jvm/java-6-openjdk/jre/bin/java
094b8000-0a6ce000 rw-p 00000000 00:00 0          [heap]
79800000-79829000 rw-p 00000000 00:00 0 
79829000-79900000 ---p 00000000 00:00 0 
79a00000-79b00000 rw-p 00000000 00:00 0 
79b00000-79bee000 rw-p 00000000 00:00 0 
79bee000-79c00000 ---p 00000000 00:00 0 
79c00000-79d00000 rw-p 00000000 00:00 0 
79d00000-79dc8000 rw-p 00000000 00:00 0 
79dc8000-79e00000 ---p 00000000 00:00 0 
79e00000-79f00000 rw-p 00000000 00:00 0 
79f00000-79fa4000 rw-p 00000000 00:00 0 
79fa4000-7a000000 ---p 00000000 00:00 0 
7a000000-7a0e4000 rw-p 00000000 00:00 0 
7a0e4000-7a100000 ---p 00000000 00:00 0 
7a100000-7a200000 rw-p 00000000 00:00 0 
7a200000-7a2e7000 rw-p 00000000 00:00 0 
7a2e7000-7a300000 ---p 00000000 00:00 0 
7a300000-7a400000 rw-p 00000000 00:00 0 
7a400000-7a500000 rw-p 00000000 00:00 0 
7a500000-7a600000 rw-p 00000000 00:00 0 
7a600000-7a700000 rw-p 00000000 00:00 0 
7a700000-7a800000 rw-p 00000000 00:00 0 
7a800000-7a900000 rw-p 00000000 00:00 0 
7a900000-7aa00000 rw-p 00000000 00:00 0 
7aa00000-7ab00000 rw-p 00000000 00:00 0 
7ab00000-7ac00000 rw-p 00000000 00:00 0 
7ac00000-7ae00000 rw-p 00000000 00:00 0 
7ae00000-7b000000 rw-p 00000000 00:00 0 
7b000000-7b0f7000 rw-p 00000000 00:00 0 
7b0f7000-7b100000 ---p 00000000 00:00 0 
7b100000-7b1fc000 rw-p 00000000 00:00 0 
7b1fc000-7b200000 ---p 00000000 00:00 0 
7b200000-7b2fe000 rw-p 00000000 00:00 0 
7b2fe000-7b300000 ---p 00000000 00:00 0 
7b300000-7b3f3000 rw-p 00000000 00:00 0 
7b3f3000-7b400000 ---p 00000000 00:00 0 
7b400000-7b500000 rw-p 00000000 00:00 0 
7b500000-7b5f4000 rw-p 00000000 00:00 0 
7b5f4000-7b600000 ---p 00000000 00:00 0 
7b700000-7b7c3000 rw-p 00000000 00:00 0 
7b7c3000-7b800000 ---p 00000000 00:00 0 
7b800000-7b8ff000 rw-p 00000000 00:00 0 
7b8ff000-7b900000 ---p 00000000 00:00 0 
7b900000-7b9fd000 rw-p 00000000 00:00 0 
7b9fd000-7ba00000 ---p 00000000 00:00 0 
7bb00000-7bbfa000 rw-p 00000000 00:00 0 
7bbfa000-7bc00000 ---p 00000000 00:00 0 
7bd00000-7bdfb000 rw-p 00000000 00:00 0 
7bdfb000-7be00000 ---p 00000000 00:00 0 
7be00000-7bef1000 rw-p 00000000 00:00 0 
7bef1000-7bf00000 ---p 00000000 00:00 0 
7bf00000-7bffc000 rw-p 00000000 00:00 0 
7bffc000-7c000000 ---p 00000000 00:00 0 
7c000000-7c100000 rw-p 00000000 00:00 0 
7c100000-7c1fd000 rw-p 00000000 00:00 0 
7c1fd000-7c200000 ---p 00000000 00:00 0 
7c21c000-7c21f000 ---p 00000000 00:00 0 
7c21f000-7c26d000 rw-p 00000000 00:00 0 
7c26d000-7c270000 ---p 00000000 00:00 0 
7c270000-7c2be000 rw-p 00000000 00:00 0 
7c2f9000-7c300000 r--s 000fb000 08:01 1704612    /usr/lib/jvm/java-6-openjdk/jre/lib/resources.jar
7c300000-7c3ff000 rw-p 00000000 00:00 0 
7c3ff000-7c400000 ---p 00000000 00:00 0 
7c4e7000-7c4eb000 r--s 00038000 08:01 1704591    /usr/lib/jvm/java-6-openjdk/jre/lib/ext/sunpkcs11.jar
7c4eb000-7c4ed000 r--s 00013000 08:01 1704607    /usr/lib/jvm/java-6-openjdk/jre/lib/jce.jar
7c4ed000-7c4f0000 r--s 00031000 08:01 1704594    /usr/lib/jvm/java-6-openjdk/jre/lib/ext/sunjce_provider.jar
7c4f0000-7c4ff000 r--s 000d0000 08:01 150995     /home/sameer/projects/QuicksilverDB/hive-cdh/src/build/ivy/lib/ivy-2.1.0.jar
7c4ff000-7c500000 r--s 00002000 08:01 3031740    /home/sameer/projects/QuicksilverDB/hive-cdh/src/build/anttasks/hive-anttasks-0.7.1-cdh3u1.jar
7c500000-7c600000 rw-p 00000000 00:00 0 
7c600000-7c601000 r--p 00000000 00:00 0 
7c601000-7c604000 ---p 00000000 00:00 0 
7c604000-7c652000 rw-p 00000000 00:00 0 
7c652000-7c655000 ---p 00000000 00:00 0 
7c655000-7c6a3000 rw-p 00000000 00:00 0 
7c6a3000-7c6a6000 ---p 00000000 00:00 0 
7c6a6000-7c6f4000 rw-p 00000000 00:00 0 
7c6f4000-7c6f9000 r--s 00032000 08:01 282629     /home/sameer/projects/QuicksilverDB/hive-cdh/src/testlibs/ant-contrib-1.0b3.jar
7c6f9000-7c758000 r--s 00d91000 08:01 1704738    /usr/lib/jvm/java-6-openjdk/lib/tools.jar
7c758000-7c759000 r--s 00000000 08:01 800175     /usr/share/java/ant-apache-resolver-1.8.1.jar
7c759000-7c75a000 r--s 00001000 08:01 800164     /usr/share/java/ant-swing-1.8.1.jar
7c75a000-7c75c000 r--s 00001000 08:01 800177     /usr/share/java/ant-apache-bcel-1.8.1.jar
7c75c000-7c773000 r--s 0015c000 08:01 800158     /usr/share/java/ant-1.8.1.jar
7c773000-7c77a000 r--s 0005d000 08:01 800168     /usr/share/java/ant-nodeps-1.8.1.jar
7c77a000-7c77c000 r--s 00013000 08:01 800171     /usr/share/java/ant-commons-net-1.8.1.jar
7c77c000-7c77d000 r--s 00001000 08:01 800178     /usr/share/java/ant-jmf-1.8.1.jar
7c77d000-7c77f000 r--s 00001000 08:01 800169     /usr/share/java/ant-jdepend-1.8.1.jar
7c77f000-7c781000 r--s 00008000 08:01 800165     /usr/share/java/ant-apache-oro-1.8.1.jar
7c781000-7c782000 r--s 00000000 08:01 800167     /usr/share/java/ant-apache-xalan2-1.8.1.jar
7c782000-7c783000 r--s 00000000 08:01 800163     /usr/share/java/ant-apache-regexp-1.8.1.jar
7c783000-7c784000 r--s 00000000 08:01 800173     /usr/share/java/ant-apache-log4j-1.8.1.jar
7c784000-7c785000 r--s 00001000 08:01 800176     /usr/share/java/ant-antlr-1.8.1.jar
7c785000-7c786000 r--s 00001000 08:01 800172     /usr/share/java/ant-javamail-1.8.1.jar
7c786000-7c789000 r--s 00018000 08:01 801488     /usr/share/java/junit-3.8.2.jar
7c789000-7c78b000 r--s 00016000 08:01 800174     /usr/share/java/ant-junit-1.8.1.jar
7c78b000-7c78c000 r--s 00009000 08:01 800170     /usr/share/java/ant-jsch-1.8.1.jar
7c78c000-7c7a4000 r--s 00114000 08:01 800154     /usr/share/java/xercesImpl-2.9.1.jar
7c7a4000-7c7b0000 r--s 0003d000 08:01 1712933    /usr/share/maven-repo/javax/xml/jaxp-api/1.3/jaxp-api-1.3.jar
7c7b0000-7c7b8000 r--s 00066000 08:01 800196     /usr/share/java/gnome-java-bridge.jar
7c7b8000-7c7b9000 ---p 00000000 00:00 0 
7c7b9000-7c839000 rw-p 00000000 00:00 0 
7c839000-7c83c000 ---p 00000000 00:00 0 
7c83c000-7c88a000 rw-p 00000000 00:00 0 
7c88a000-7c88d000 ---p 00000000 00:00 0 
7c88d000-7c90b000 rw-p 00000000 00:00 0 
7c90b000-7c90e000 ---p 00000000 00:00 0 
7c90e000-7c98c000 rw-p 00000000 00:00 0 
7c98c000-7c98f000 ---p 00000000 00:00 0 
7c98f000-7c9dd000 rw-p 00000000 00:00 0 
7c9dd000-7cbdd000 r--p 00000000 08:01 401140     /usr/lib/locale/locale-archive
7cbdd000-7cbe0000 ---p 00000000 00:00 0 
7cbe0000-7cc2e000 rw-p 00000000 00:00 0 
7cc2e000-7cc31000 ---p 00000000 00:00 0 
7cc31000-7cc7f000 rw-p 00000000 00:00 0 
7cc7f000-7cc80000 ---p 00000000 00:00 0 
7cc80000-7cd00000 rw-p 00000000 00:00 0 
7cd00000-7cdfd000 rw-p 00000000 00:00 0 
7cdfd000-7ce00000 ---p 00000000 00:00 0 
7ce00000-7ce01000 r--s 00000000 08:01 800162     /usr/share/java/ant-apache-bsf-1.8.1.jar
7ce01000-7ce03000 r--s 00002000 08:01 800157     /usr/share/java/ant-launcher-1.8.1.jar
7ce03000-7ce36000 rw-p 00000000 00:00 0 
7ce36000-7cfc7000 r--s 037b1000 08:01 1704618    /usr/lib/jvm/java-6-openjdk/jre/lib/rt.jar
7cfc7000-7cfc8000 ---p 00000000 00:00 0 
7cfc8000-7d048000 rw-p 00000000 00:00 0 
7d048000-7d049000 ---p 00000000 00:00 0 
7d049000-7d0d6000 rw-p 00000000 00:00 0 
7d0d6000-7d109000 rw-p 00000000 00:00 0 
7d109000-7d119000 rw-p 00000000 00:00 0 
7d119000-7d205000 rw-p 00000000 00:00 0 
7d205000-7d212000 rw-p 00000000 00:00 0 
7d212000-7d245000 rw-p 00000000 00:00 0 
7d245000-7d255000 rw-p 00000000 00:00 0 
7d255000-7d341000 rw-p 00000000 00:00 0 
7d341000-7d3a7000 rw-p 00000000 00:00 0 
7d3a7000-7d3bf000 rw-p 00000000 00:00 0 
7d3bf000-7ecc0000 rw-p 00000000 00:00 0 
7ecc0000-853c0000 rw-p 00000000 00:00 0 
853c0000-87340000 rw-p 00000000 00:00 0 
87340000-a4bc0000 rw-p 00000000 00:00 0 
a4bc0000-b16a0000 rw-p 00000000 00:00 0 
b16a0000-b47c0000 rw-p 00000000 00:00 0 
b47c0000-b47c1000 r--s 00000000 08:01 800166     /usr/share/java/ant-commons-logging-1.8.1.jar
b47c1000-b47c4000 r--s 0007d000 08:01 1704608    /usr/lib/jvm/java-6-openjdk/jre/lib/jsse.jar
b47c4000-b47ce000 rw-p 00000000 00:00 0 
b47ce000-b4884000 rw-p 00000000 00:00 0 
b4884000-b4aec000 rwxp 00000000 00:00 0 
b4aec000-b7884000 rw-p 00000000 00:00 0 
b7884000-b7887000 ---p 00000000 00:00 0 
b7887000-b78d8000 rw-p 00000000 00:00 0 
b78d8000-b78da000 r--s 00002000 08:01 800157     /usr/share/java/ant-launcher-1.8.1.jar
b78da000-b78dd000 r--s 0000f000 08:01 1704596    /usr/lib/jvm/java-6-openjdk/jre/lib/ext/pulse-java.jar
b78dd000-b78de000 r--p 002a1000 08:01 401140     /usr/lib/locale/locale-archive
b78de000-b78e6000 rw-s 00000000 08:01 2892425    /tmp/hsperfdata_sameer/29435
b78e6000-b78e7000 rw-p 00000000 00:00 0 
b78e7000-b78e8000 r--p 00000000 00:00 0 
b78e8000-b78ea000 rw-p 00000000 00:00 0 
bfc94000-bfcb5000 rw-p 00000000 00:00 0          [stack]

VM Arguments:
jvm_args: -Dant.home=/usr/share/ant -Dant.library.dir=/usr/share/ant/lib 
java_command: org.apache.tools.ant.launch.Launcher -cp  package
Launcher Type: SUN_STANDARD

Environment Variables:
JAVA_HOME=/usr
PATH=/usr/local/sbin:/usr/local/bin:/usr/sbin:/usr/bin:/sbin:/bin:/usr/games:/home/sameer/projects/QuicksilverDB/ec2-api-tools/bin/:/home/sameer/typesafe-stack/bin/
USERNAME=sameer
LD_LIBRARY_PATH=/usr/lib/jvm/java-6-openjdk/jre/lib/i386/server:/usr/lib/jvm/java-6-openjdk/jre/lib/i386:/usr/lib/jvm/java-6-openjdk/jre/../lib/i386
SHELL=/bin/bash
DISPLAY=:0.0

Signal Handlers:
SIGSEGV: [libjvm.so+0x656fb0], sa_mask[0]=0x7ffbfeff, sa_flags=0x10000004
SIGBUS: [libjvm.so+0x656fb0], sa_mask[0]=0x7ffbfeff, sa_flags=0x10000004
SIGFPE: [libjvm.so+0x51d4d0], sa_mask[0]=0x7ffbfeff, sa_flags=0x10000004
SIGPIPE: SIG_IGN, sa_mask[0]=0x00000000, sa_flags=0x00000000
SIGXFSZ: [libjvm.so+0x51d4d0], sa_mask[0]=0x7ffbfeff, sa_flags=0x10000004
SIGILL: [libjvm.so+0x51d4d0], sa_mask[0]=0x7ffbfeff, sa_flags=0x10000004
SIGUSR1: SIG_DFL, sa_mask[0]=0x00000000, sa_flags=0x00000000
SIGUSR2: [libjvm.so+0x51d340], sa_mask[0]=0x00000000, sa_flags=0x10000004
SIGHUP: [libjvm.so+0x520130], sa_mask[0]=0x7ffbfeff, sa_flags=0x10000004
SIGINT: [libjvm.so+0x520130], sa_mask[0]=0x7ffbfeff, sa_flags=0x10000004
SIGTERM: [libjvm.so+0x520130], sa_mask[0]=0x7ffbfeff, sa_flags=0x10000004
SIGQUIT: [libjvm.so+0x520130], sa_mask[0]=0x7ffbfeff, sa_flags=0x10000004


---------------  S Y S T E M  ---------------

OS:Ubuntu 11.04 (natty)
uname:Linux 2.6.38-12-generic #51-Ubuntu SMP Wed Sep 28 14:25:20 UTC 2011 i686
libc:glibc 2.13 NPTL 2.13 
rlimit: STACK 8192k, CORE 0k, NPROC infinity, NOFILE 4096, AS infinity
load average:0.43 0.21 0.18

/proc/meminfo:
MemTotal:        3095260 kB
MemFree:          248088 kB
Buffers:           76760 kB
Cached:           572772 kB
SwapCached:         2356 kB
Active:          1842268 kB
Inactive:         890360 kB
Active(anon):    1518244 kB
Inactive(anon):   570160 kB
Active(file):     324024 kB
Inactive(file):   320200 kB
Unevictable:           0 kB
Mlocked:               0 kB
HighTotal:       2236296 kB
HighFree:          44844 kB
LowTotal:         858964 kB
LowFree:          203244 kB
SwapTotal:       1045500 kB
SwapFree:        1025732 kB
Dirty:               284 kB
Writeback:             0 kB
AnonPages:       2081200 kB
Mapped:            99856 kB
Shmem:              5308 kB
Slab:              93032 kB
SReclaimable:      80084 kB
SUnreclaim:        12948 kB
KernelStack:        4288 kB
PageTables:         8420 kB
NFS_Unstable:          0 kB
Bounce:                0 kB
WritebackTmp:          0 kB
CommitLimit:     2593128 kB
Committed_AS:    3781636 kB
VmallocTotal:     122880 kB
VmallocUsed:        7748 kB
VmallocChunk:     109372 kB
HardwareCorrupted:     0 kB
HugePages_Total:       0
HugePages_Free:        0
HugePages_Rsvd:        0
HugePages_Surp:        0
Hugepagesize:       4096 kB
DirectMap4k:       20472 kB
DirectMap4M:      888832 kB


CPU:total 2 (2 cores per cpu, 2 threads per core) family 6 model 42 stepping 7, cmov, cx8, fxsr, mmx, sse, sse2, sse3, ssse3, sse4.1, sse4.2, popcnt, ht

Memory: 4k page, physical 3095260k(248088k free), swap 1045500k(1025732k free)

vm_info: OpenJDK Server VM (20.0-b11) for linux-x86 JRE (1.6.0_22-b22), built on Oct 25 2011 06:27:31 by "buildd" with gcc 4.5.2

time: Thu Dec  1 01:16:46 2011
elapsed time: 22 seconds

