

*******************************************************************************
Sun Apr  8 19:32:29 2012


FIT:    data read from "Non-Zero Minrelative_error.txt" using 1:2
        format = x:z
        #datapoints = 32
        residuals are weighted equally (unit weight)

function used for fitting: f(x)
fitted parameters initialized with current variable values



 Iteration 0
 WSSR        : 0.40354           delta(WSSR)/WSSR   : 0
 delta(WSSR) : 0                 limit for stopping : 1e-05
 lambda	  : 0.112297

initial set of free parameter values

a               = 1

After 4 iterations the fit converged.
final sum of squares of residuals : 9.9033e-13
rel. change during last iteration : -3.56619e-10

degrees of freedom    (FIT_NDF)                        : 31
rms of residuals      (FIT_STDFIT) = sqrt(WSSR/ndf)    : 1.78735e-07
variance of residuals (reduced chisquare) = WSSR/ndf   : 3.19461e-14

Final set of parameters            Asymptotic Standard Error
=======================            ==========================

a               = 2.19566e-06      +/- 2.814e-07    (12.81%)


correlation matrix of the fit parameters:

               a      
a               1.000 


*******************************************************************************
Sun Apr  8 19:32:29 2012


FIT:    data read from "Medianrelative_error.txt" using 1:2
        format = x:z
        #datapoints = 32
        residuals are weighted equally (unit weight)

function used for fitting: f(x)
fitted parameters initialized with current variable values



 Iteration 0
 WSSR        : 0.403276          delta(WSSR)/WSSR   : 0
 delta(WSSR) : 0                 limit for stopping : 1e-05
 lambda	  : 0.112297

initial set of free parameter values

a               = 1

After 4 iterations the fit converged.
final sum of squares of residuals : 2.87257e-08
rel. change during last iteration : -1.24398e-14

degrees of freedom    (FIT_NDF)                        : 31
rms of residuals      (FIT_STDFIT) = sqrt(WSSR/ndf)    : 3.04407e-05
variance of residuals (reduced chisquare) = WSSR/ndf   : 9.26637e-10

Final set of parameters            Asymptotic Standard Error
=======================            ==========================

a               = 0.00032934       +/- 4.792e-05    (14.55%)


correlation matrix of the fit parameters:

               a      
a               1.000 


*******************************************************************************
Sun Apr  8 19:32:30 2012


FIT:    data read from "Variancerelative_error.txt" using 1:2
        format = x:z
        #datapoints = 32
        residuals are weighted equally (unit weight)

function used for fitting: f(x)
fitted parameters initialized with current variable values



 Iteration 0
 WSSR        : inf               delta(WSSR)/WSSR   : -nan
 delta(WSSR) : -nan              limit for stopping : 1e-05
 lambda	  : 0.112297

initial set of free parameter values

a               = 1
BREAK:          Undefined value during function evaluation



*******************************************************************************
Sun Apr  8 19:32:31 2012


FIT:    data read from "99th Percentilerelative_error.txt" using 1:2
        format = x:z
        #datapoints = 32
        residuals are weighted equally (unit weight)

function used for fitting: f(x)
fitted parameters initialized with current variable values



 Iteration 0
 WSSR        : 0.402578          delta(WSSR)/WSSR   : 0
 delta(WSSR) : 0                 limit for stopping : 1e-05
 lambda	  : 0.112297

initial set of free parameter values

a               = 1

After 3 iterations the fit converged.
final sum of squares of residuals : 3.70802e-06
rel. change during last iteration : -9.72982e-06

degrees of freedom    (FIT_NDF)                        : 31
rms of residuals      (FIT_STDFIT) = sqrt(WSSR/ndf)    : 0.000345852
variance of residuals (reduced chisquare) = WSSR/ndf   : 1.19613e-07

Final set of parameters            Asymptotic Standard Error
=======================            ==========================

a               = 0.00120006       +/- 0.0005444    (45.37%)


correlation matrix of the fit parameters:

               a      
a               1.000 


*******************************************************************************
Sun Apr  8 19:32:31 2012


FIT:    data read from "Meanrelative_error.txt" using 1:2
        format = x:z
        #datapoints = 32
        residuals are weighted equally (unit weight)

function used for fitting: f(x)
fitted parameters initialized with current variable values



 Iteration 0
 WSSR        : 0.40309           delta(WSSR)/WSSR   : 0
 delta(WSSR) : 0                 limit for stopping : 1e-05
 lambda	  : 0.112297

initial set of free parameter values

a               = 1

After 4 iterations the fit converged.
final sum of squares of residuals : 5.87192e-07
rel. change during last iteration : -7.21258e-16

degrees of freedom    (FIT_NDF)                        : 31
rms of residuals      (FIT_STDFIT) = sqrt(WSSR/ndf)    : 0.000137629
variance of residuals (reduced chisquare) = WSSR/ndf   : 1.89417e-08

Final set of parameters            Asymptotic Standard Error
=======================            ==========================

a               = 0.000561249      +/- 0.0002167    (38.6%)


correlation matrix of the fit parameters:

               a      
a               1.000 


*******************************************************************************
Sun Apr  8 19:32:31 2012


FIT:    data read from "Standard Deviationrelative_error.txt" using 1:2
        format = x:z
        #datapoints = 32
        residuals are weighted equally (unit weight)

function used for fitting: f(x)
fitted parameters initialized with current variable values



 Iteration 0
 WSSR        : inf               delta(WSSR)/WSSR   : -nan
 delta(WSSR) : -nan              limit for stopping : 1e-05
 lambda	  : 0.112297

initial set of free parameter values

a               = 1
BREAK:          Undefined value during function evaluation



*******************************************************************************
Sun Apr  8 19:32:31 2012


FIT:    data read from "95th Percentilerelative_error.txt" using 1:2
        format = x:z
        #datapoints = 32
        residuals are weighted equally (unit weight)

function used for fitting: f(x)
fitted parameters initialized with current variable values



 Iteration 0
 WSSR        : 0.40334           delta(WSSR)/WSSR   : 0
 delta(WSSR) : 0                 limit for stopping : 1e-05
 lambda	  : 0.112297

initial set of free parameter values

a               = 1

After 4 iterations the fit converged.
final sum of squares of residuals : 1.54726e-07
rel. change during last iteration : -1.88183e-15

degrees of freedom    (FIT_NDF)                        : 31
rms of residuals      (FIT_STDFIT) = sqrt(WSSR/ndf)    : 7.06481e-05
variance of residuals (reduced chisquare) = WSSR/ndf   : 4.99115e-09

Final set of parameters            Asymptotic Standard Error
=======================            ==========================

a               = 0.000250862      +/- 0.0001112    (44.33%)


correlation matrix of the fit parameters:

               a      
a               1.000 


*******************************************************************************
Sun Apr  8 19:32:31 2012


FIT:    data read from "Non Zero Averagerelative_error.txt" using 1:2
        format = x:z
        #datapoints = 32
        residuals are weighted equally (unit weight)

function used for fitting: f(x)
fitted parameters initialized with current variable values



 Iteration 0
 WSSR        : 0.403086          delta(WSSR)/WSSR   : 0
 delta(WSSR) : 0                 limit for stopping : 1e-05
 lambda	  : 0.112297

initial set of free parameter values

a               = 1

After 4 iterations the fit converged.
final sum of squares of residuals : 5.83597e-07
rel. change during last iteration : -7.257e-16

degrees of freedom    (FIT_NDF)                        : 31
rms of residuals      (FIT_STDFIT) = sqrt(WSSR/ndf)    : 0.000137207
variance of residuals (reduced chisquare) = WSSR/ndf   : 1.88257e-08

Final set of parameters            Asymptotic Standard Error
=======================            ==========================

a               = 0.000565697      +/- 0.000216     (38.18%)


correlation matrix of the fit parameters:

               a      
a               1.000 


*******************************************************************************
Sun Apr  8 19:32:32 2012


FIT:    data read from "Maxrelative_error.txt" using 1:2
        format = x:z
        #datapoints = 32
        residuals are weighted equally (unit weight)

function used for fitting: f(x)
fitted parameters initialized with current variable values



 Iteration 0
 WSSR        : 0.790285          delta(WSSR)/WSSR   : 0
 delta(WSSR) : 0                 limit for stopping : 1e-05
 lambda	  : 0.112297

initial set of free parameter values

a               = 1

After 3 iterations the fit converged.
final sum of squares of residuals : 0.698679
rel. change during last iteration : -1.17503e-11

degrees of freedom    (FIT_NDF)                        : 31
rms of residuals      (FIT_STDFIT) = sqrt(WSSR/ndf)    : 0.150127
variance of residuals (reduced chisquare) = WSSR/ndf   : 0.022538

Final set of parameters            Asymptotic Standard Error
=======================            ==========================

a               = 0.523548         +/- 0.2363       (45.14%)


correlation matrix of the fit parameters:

               a      
a               1.000 


*******************************************************************************
Sun Apr  8 19:33:31 2012


FIT:    data read from "Non-Zero Minrelative_error.txt" using 1:2
        format = x:z
	y range restricted to [10.0000 : *]
        #datapoints = 28
        residuals are weighted equally (unit weight)

function used for fitting: f(x)
fitted parameters initialized with current variable values



 Iteration 0
 WSSR        : 0.0476385         delta(WSSR)/WSSR   : 0
 delta(WSSR) : 0                 limit for stopping : 1e-05
 lambda	  : 0.041248

initial set of free parameter values

a               = 1

After 4 iterations the fit converged.
final sum of squares of residuals : 2.19414e-13
rel. change during last iteration : -4.19713e-10

degrees of freedom    (FIT_NDF)                        : 27
rms of residuals      (FIT_STDFIT) = sqrt(WSSR/ndf)    : 9.01468e-08
variance of residuals (reduced chisquare) = WSSR/ndf   : 8.12644e-15

Final set of parameters            Asymptotic Standard Error
=======================            ==========================

a               = 5.58124e-06      +/- 4.13e-07     (7.4%)


correlation matrix of the fit parameters:

               a      
a               1.000 


*******************************************************************************
Sun Apr  8 19:33:32 2012


FIT:    data read from "Medianrelative_error.txt" using 1:2
        format = x:z
	y range restricted to [10.0000 : *]
        #datapoints = 28
        residuals are weighted equally (unit weight)

function used for fitting: f(x)
fitted parameters initialized with current variable values



 Iteration 0
 WSSR        : 0.0475598         delta(WSSR)/WSSR   : 0
 delta(WSSR) : 0                 limit for stopping : 1e-05
 lambda	  : 0.041248

initial set of free parameter values

a               = 1

After 4 iterations the fit converged.
final sum of squares of residuals : 1.07851e-08
rel. change during last iteration : -8.59001e-15

degrees of freedom    (FIT_NDF)                        : 27
rms of residuals      (FIT_STDFIT) = sqrt(WSSR/ndf)    : 1.99862e-05
variance of residuals (reduced chisquare) = WSSR/ndf   : 3.99449e-10

Final set of parameters            Asymptotic Standard Error
=======================            ==========================

a               = 0.000831945      +/- 9.157e-05    (11.01%)


correlation matrix of the fit parameters:

               a      
a               1.000 


*******************************************************************************
Sun Apr  8 19:33:33 2012


FIT:    data read from "Variancerelative_error.txt" using 1:2
        format = x:z
	y range restricted to [10.0000 : *]
        #datapoints = 28
        residuals are weighted equally (unit weight)

function used for fitting: f(x)
fitted parameters initialized with current variable values



 Iteration 0
 WSSR        : 0.0446488         delta(WSSR)/WSSR   : 0
 delta(WSSR) : 0                 limit for stopping : 1e-05
 lambda	  : 0.041248

initial set of free parameter values

a               = 1

After 3 iterations the fit converged.
final sum of squares of residuals : 6.53467e-06
rel. change during last iteration : -1.03538e-06

degrees of freedom    (FIT_NDF)                        : 27
rms of residuals      (FIT_STDFIT) = sqrt(WSSR/ndf)    : 0.00049196
variance of residuals (reduced chisquare) = WSSR/ndf   : 2.42025e-07

Final set of parameters            Asymptotic Standard Error
=======================            ==========================

a               = 0.0319642        +/- 0.002254     (7.052%)


correlation matrix of the fit parameters:

               a      
a               1.000 


*******************************************************************************
Sun Apr  8 19:33:33 2012


FIT:    data read from "99th Percentilerelative_error.txt" using 1:2
        format = x:z
	y range restricted to [10.0000 : *]
        #datapoints = 28
        residuals are weighted equally (unit weight)

function used for fitting: f(x)
fitted parameters initialized with current variable values



 Iteration 0
 WSSR        : 0.0468096         delta(WSSR)/WSSR   : 0
 delta(WSSR) : 0                 limit for stopping : 1e-05
 lambda	  : 0.041248

initial set of free parameter values

a               = 1

After 4 iterations the fit converged.
final sum of squares of residuals : 5.29585e-07
rel. change during last iteration : -3.99857e-16

degrees of freedom    (FIT_NDF)                        : 27
rms of residuals      (FIT_STDFIT) = sqrt(WSSR/ndf)    : 0.000140051
variance of residuals (reduced chisquare) = WSSR/ndf   : 1.96142e-08

Final set of parameters            Asymptotic Standard Error
=======================            ==========================

a               = 0.00874917       +/- 0.0006417    (7.334%)


correlation matrix of the fit parameters:

               a      
a               1.000 


*******************************************************************************
Sun Apr  8 19:33:33 2012


FIT:    data read from "Meanrelative_error.txt" using 1:2
        format = x:z
	y range restricted to [10.0000 : *]
        #datapoints = 28
        residuals are weighted equally (unit weight)

function used for fitting: f(x)
fitted parameters initialized with current variable values



 Iteration 0
 WSSR        : 0.0473081         delta(WSSR)/WSSR   : 0
 delta(WSSR) : 0                 limit for stopping : 1e-05
 lambda	  : 0.041248

initial set of free parameter values

a               = 1

After 4 iterations the fit converged.
final sum of squares of residuals : 3.18031e-08
rel. change during last iteration : -3.12113e-15

degrees of freedom    (FIT_NDF)                        : 27
rms of residuals      (FIT_STDFIT) = sqrt(WSSR/ndf)    : 3.43204e-05
variance of residuals (reduced chisquare) = WSSR/ndf   : 1.17789e-09

Final set of parameters            Asymptotic Standard Error
=======================            ==========================

a               = 0.00347979       +/- 0.0001572    (4.519%)


correlation matrix of the fit parameters:

               a      
a               1.000 


*******************************************************************************
Sun Apr  8 19:33:33 2012


FIT:    data read from "Standard Deviationrelative_error.txt" using 1:2
        format = x:z
	y range restricted to [10.0000 : *]
        #datapoints = 28
        residuals are weighted equally (unit weight)

function used for fitting: f(x)
fitted parameters initialized with current variable values



 Iteration 0
 WSSR        : 0.0316261         delta(WSSR)/WSSR   : 0
 delta(WSSR) : 0                 limit for stopping : 1e-05
 lambda	  : 0.041248

initial set of free parameter values

a               = 1

After 3 iterations the fit converged.
final sum of squares of residuals : 0.00013748
rel. change during last iteration : -3.47129e-08

degrees of freedom    (FIT_NDF)                        : 27
rms of residuals      (FIT_STDFIT) = sqrt(WSSR/ndf)    : 0.00225651
variance of residuals (reduced chisquare) = WSSR/ndf   : 5.09186e-06

Final set of parameters            Asymptotic Standard Error
=======================            ==========================

a               = 0.186991         +/- 0.01034      (5.529%)


correlation matrix of the fit parameters:

               a      
a               1.000 


*******************************************************************************
Sun Apr  8 19:33:34 2012


FIT:    data read from "95th Percentilerelative_error.txt" using 1:2
        format = x:z
	y range restricted to [10.0000 : *]
        #datapoints = 28
        residuals are weighted equally (unit weight)

function used for fitting: f(x)
fitted parameters initialized with current variable values



 Iteration 0
 WSSR        : 0.0475036         delta(WSSR)/WSSR   : 0
 delta(WSSR) : 0                 limit for stopping : 1e-05
 lambda	  : 0.041248

initial set of free parameter values

a               = 1

After 4 iterations the fit converged.
final sum of squares of residuals : 7.01427e-08
rel. change during last iteration : -9.43426e-16

degrees of freedom    (FIT_NDF)                        : 27
rms of residuals      (FIT_STDFIT) = sqrt(WSSR/ndf)    : 5.09694e-05
variance of residuals (reduced chisquare) = WSSR/ndf   : 2.59788e-09

Final set of parameters            Asymptotic Standard Error
=======================            ==========================

a               = 0.00142353       +/- 0.0002335    (16.4%)


correlation matrix of the fit parameters:

               a      
a               1.000 


*******************************************************************************
Sun Apr  8 19:33:34 2012


FIT:    data read from "Non Zero Averagerelative_error.txt" using 1:2
        format = x:z
	y range restricted to [10.0000 : *]
        #datapoints = 28
        residuals are weighted equally (unit weight)

function used for fitting: f(x)
fitted parameters initialized with current variable values



 Iteration 0
 WSSR        : 0.0473111         delta(WSSR)/WSSR   : 0
 delta(WSSR) : 0                 limit for stopping : 1e-05
 lambda	  : 0.041248

initial set of free parameter values

a               = 1

After 4 iterations the fit converged.
final sum of squares of residuals : 3.41665e-08
rel. change during last iteration : -2.90523e-15

degrees of freedom    (FIT_NDF)                        : 27
rms of residuals      (FIT_STDFIT) = sqrt(WSSR/ndf)    : 3.55728e-05
variance of residuals (reduced chisquare) = WSSR/ndf   : 1.26543e-09

Final set of parameters            Asymptotic Standard Error
=======================            ==========================

a               = 0.0034487        +/- 0.000163     (4.726%)


correlation matrix of the fit parameters:

               a      
a               1.000 


*******************************************************************************
Sun Apr  8 19:33:34 2012


FIT:    data read from "Maxrelative_error.txt" using 1:2
        format = x:z
	y range restricted to [10.0000 : *]
        #datapoints = 28
        residuals are weighted equally (unit weight)

function used for fitting: f(x)
fitted parameters initialized with current variable values



 Iteration 0
 WSSR        : 0.44766           delta(WSSR)/WSSR   : 0
 delta(WSSR) : 0                 limit for stopping : 1e-05
 lambda	  : 0.041248

initial set of free parameter values

a               = 1

After 3 iterations the fit converged.
final sum of squares of residuals : 0.115243
rel. change during last iteration : -4.37168e-10

degrees of freedom    (FIT_NDF)                        : 27
rms of residuals      (FIT_STDFIT) = sqrt(WSSR/ndf)    : 0.0653319
variance of residuals (reduced chisquare) = WSSR/ndf   : 0.00426825

Final set of parameters            Asymptotic Standard Error
=======================            ==========================

a               = 3.64156          +/- 0.2993       (8.22%)


correlation matrix of the fit parameters:

               a      
a               1.000 


*******************************************************************************
Sun Apr  8 19:34:18 2012


FIT:    data read from "Non-Zero Minrelative_error.txt" using 1:2
        format = x:z
	y range restricted to [10.0000 : *]
        #datapoints = 28
        residuals are weighted equally (unit weight)

function used for fitting: f(x)
fitted parameters initialized with current variable values



 Iteration 0
 WSSR        : 0.0476385         delta(WSSR)/WSSR   : 0
 delta(WSSR) : 0                 limit for stopping : 1e-05
 lambda	  : 0.041248

initial set of free parameter values

a               = 1

After 4 iterations the fit converged.
final sum of squares of residuals : 2.19414e-13
rel. change during last iteration : -4.19713e-10

degrees of freedom    (FIT_NDF)                        : 27
rms of residuals      (FIT_STDFIT) = sqrt(WSSR/ndf)    : 9.01468e-08
variance of residuals (reduced chisquare) = WSSR/ndf   : 8.12644e-15

Final set of parameters            Asymptotic Standard Error
=======================            ==========================

a               = 5.58124e-06      +/- 4.13e-07     (7.4%)


correlation matrix of the fit parameters:

               a      
a               1.000 


*******************************************************************************
Sun Apr  8 19:34:18 2012


FIT:    data read from "Medianrelative_error.txt" using 1:2
        format = x:z
	y range restricted to [10.0000 : *]
        #datapoints = 28
        residuals are weighted equally (unit weight)

function used for fitting: f(x)
fitted parameters initialized with current variable values



 Iteration 0
 WSSR        : 0.0475598         delta(WSSR)/WSSR   : 0
 delta(WSSR) : 0                 limit for stopping : 1e-05
 lambda	  : 0.041248

initial set of free parameter values

a               = 1

After 4 iterations the fit converged.
final sum of squares of residuals : 1.07851e-08
rel. change during last iteration : -8.59001e-15

degrees of freedom    (FIT_NDF)                        : 27
rms of residuals      (FIT_STDFIT) = sqrt(WSSR/ndf)    : 1.99862e-05
variance of residuals (reduced chisquare) = WSSR/ndf   : 3.99449e-10

Final set of parameters            Asymptotic Standard Error
=======================            ==========================

a               = 0.000831945      +/- 9.157e-05    (11.01%)


correlation matrix of the fit parameters:

               a      
a               1.000 


*******************************************************************************
Sun Apr  8 19:34:19 2012


FIT:    data read from "Variancerelative_error.txt" using 1:2
        format = x:z
	y range restricted to [10.0000 : *]
        #datapoints = 28
        residuals are weighted equally (unit weight)

function used for fitting: f(x)
fitted parameters initialized with current variable values



 Iteration 0
 WSSR        : 0.0446488         delta(WSSR)/WSSR   : 0
 delta(WSSR) : 0                 limit for stopping : 1e-05
 lambda	  : 0.041248

initial set of free parameter values

a               = 1

After 3 iterations the fit converged.
final sum of squares of residuals : 6.53467e-06
rel. change during last iteration : -1.03538e-06

degrees of freedom    (FIT_NDF)                        : 27
rms of residuals      (FIT_STDFIT) = sqrt(WSSR/ndf)    : 0.00049196
variance of residuals (reduced chisquare) = WSSR/ndf   : 2.42025e-07

Final set of parameters            Asymptotic Standard Error
=======================            ==========================

a               = 0.0319642        +/- 0.002254     (7.052%)


correlation matrix of the fit parameters:

               a      
a               1.000 


*******************************************************************************
Sun Apr  8 19:34:20 2012


FIT:    data read from "99th Percentilerelative_error.txt" using 1:2
        format = x:z
	y range restricted to [10.0000 : *]
        #datapoints = 28
        residuals are weighted equally (unit weight)

function used for fitting: f(x)
fitted parameters initialized with current variable values



 Iteration 0
 WSSR        : 0.0468096         delta(WSSR)/WSSR   : 0
 delta(WSSR) : 0                 limit for stopping : 1e-05
 lambda	  : 0.041248

initial set of free parameter values

a               = 1

After 4 iterations the fit converged.
final sum of squares of residuals : 5.29585e-07
rel. change during last iteration : -3.99857e-16

degrees of freedom    (FIT_NDF)                        : 27
rms of residuals      (FIT_STDFIT) = sqrt(WSSR/ndf)    : 0.000140051
variance of residuals (reduced chisquare) = WSSR/ndf   : 1.96142e-08

Final set of parameters            Asymptotic Standard Error
=======================            ==========================

a               = 0.00874917       +/- 0.0006417    (7.334%)


correlation matrix of the fit parameters:

               a      
a               1.000 


*******************************************************************************
Sun Apr  8 19:34:20 2012


FIT:    data read from "Meanrelative_error.txt" using 1:2
        format = x:z
	y range restricted to [10.0000 : *]
        #datapoints = 28
        residuals are weighted equally (unit weight)

function used for fitting: f(x)
fitted parameters initialized with current variable values



 Iteration 0
 WSSR        : 0.0473081         delta(WSSR)/WSSR   : 0
 delta(WSSR) : 0                 limit for stopping : 1e-05
 lambda	  : 0.041248

initial set of free parameter values

a               = 1

After 4 iterations the fit converged.
final sum of squares of residuals : 3.18031e-08
rel. change during last iteration : -3.12113e-15

degrees of freedom    (FIT_NDF)                        : 27
rms of residuals      (FIT_STDFIT) = sqrt(WSSR/ndf)    : 3.43204e-05
variance of residuals (reduced chisquare) = WSSR/ndf   : 1.17789e-09

Final set of parameters            Asymptotic Standard Error
=======================            ==========================

a               = 0.00347979       +/- 0.0001572    (4.519%)


correlation matrix of the fit parameters:

               a      
a               1.000 


*******************************************************************************
Sun Apr  8 19:34:20 2012


FIT:    data read from "Standard Deviationrelative_error.txt" using 1:2
        format = x:z
	y range restricted to [10.0000 : *]
        #datapoints = 28
        residuals are weighted equally (unit weight)

function used for fitting: f(x)
fitted parameters initialized with current variable values



 Iteration 0
 WSSR        : 0.0316261         delta(WSSR)/WSSR   : 0
 delta(WSSR) : 0                 limit for stopping : 1e-05
 lambda	  : 0.041248

initial set of free parameter values

a               = 1

After 3 iterations the fit converged.
final sum of squares of residuals : 0.00013748
rel. change during last iteration : -3.47129e-08

degrees of freedom    (FIT_NDF)                        : 27
rms of residuals      (FIT_STDFIT) = sqrt(WSSR/ndf)    : 0.00225651
variance of residuals (reduced chisquare) = WSSR/ndf   : 5.09186e-06

Final set of parameters            Asymptotic Standard Error
=======================            ==========================

a               = 0.186991         +/- 0.01034      (5.529%)


correlation matrix of the fit parameters:

               a      
a               1.000 


*******************************************************************************
Sun Apr  8 19:34:20 2012


FIT:    data read from "95th Percentilerelative_error.txt" using 1:2
        format = x:z
	y range restricted to [10.0000 : *]
        #datapoints = 28
        residuals are weighted equally (unit weight)

function used for fitting: f(x)
fitted parameters initialized with current variable values



 Iteration 0
 WSSR        : 0.0475036         delta(WSSR)/WSSR   : 0
 delta(WSSR) : 0                 limit for stopping : 1e-05
 lambda	  : 0.041248

initial set of free parameter values

a               = 1

After 4 iterations the fit converged.
final sum of squares of residuals : 7.01427e-08
rel. change during last iteration : -9.43426e-16

degrees of freedom    (FIT_NDF)                        : 27
rms of residuals      (FIT_STDFIT) = sqrt(WSSR/ndf)    : 5.09694e-05
variance of residuals (reduced chisquare) = WSSR/ndf   : 2.59788e-09

Final set of parameters            Asymptotic Standard Error
=======================            ==========================

a               = 0.00142353       +/- 0.0002335    (16.4%)


correlation matrix of the fit parameters:

               a      
a               1.000 


*******************************************************************************
Sun Apr  8 19:34:21 2012


FIT:    data read from "Non Zero Averagerelative_error.txt" using 1:2
        format = x:z
	y range restricted to [10.0000 : *]
        #datapoints = 28
        residuals are weighted equally (unit weight)

function used for fitting: f(x)
fitted parameters initialized with current variable values



 Iteration 0
 WSSR        : 0.0473111         delta(WSSR)/WSSR   : 0
 delta(WSSR) : 0                 limit for stopping : 1e-05
 lambda	  : 0.041248

initial set of free parameter values

a               = 1

After 4 iterations the fit converged.
final sum of squares of residuals : 3.41665e-08
rel. change during last iteration : -2.90523e-15

degrees of freedom    (FIT_NDF)                        : 27
rms of residuals      (FIT_STDFIT) = sqrt(WSSR/ndf)    : 3.55728e-05
variance of residuals (reduced chisquare) = WSSR/ndf   : 1.26543e-09

Final set of parameters            Asymptotic Standard Error
=======================            ==========================

a               = 0.0034487        +/- 0.000163     (4.726%)


correlation matrix of the fit parameters:

               a      
a               1.000 


*******************************************************************************
Sun Apr  8 19:34:21 2012


FIT:    data read from "Maxrelative_error.txt" using 1:2
        format = x:z
	y range restricted to [10.0000 : *]
        #datapoints = 28
        residuals are weighted equally (unit weight)

function used for fitting: f(x)
fitted parameters initialized with current variable values



 Iteration 0
 WSSR        : 0.44766           delta(WSSR)/WSSR   : 0
 delta(WSSR) : 0                 limit for stopping : 1e-05
 lambda	  : 0.041248

initial set of free parameter values

a               = 1

After 3 iterations the fit converged.
final sum of squares of residuals : 0.115243
rel. change during last iteration : -4.37168e-10

degrees of freedom    (FIT_NDF)                        : 27
rms of residuals      (FIT_STDFIT) = sqrt(WSSR/ndf)    : 0.0653319
variance of residuals (reduced chisquare) = WSSR/ndf   : 0.00426825

Final set of parameters            Asymptotic Standard Error
=======================            ==========================

a               = 3.64156          +/- 0.2993       (8.22%)


correlation matrix of the fit parameters:

               a      
a               1.000 


*******************************************************************************
Sun Apr  8 19:34:39 2012


FIT:    data read from "Non-Zero Minrelative_error.txt" using 1:2
        format = x:z
	y range restricted to [10.0000 : *]
        #datapoints = 28
        residuals are weighted equally (unit weight)

function used for fitting: f(x)
fitted parameters initialized with current variable values



 Iteration 0
 WSSR        : 0.0476385         delta(WSSR)/WSSR   : 0
 delta(WSSR) : 0                 limit for stopping : 1e-05
 lambda	  : 0.041248

initial set of free parameter values

a               = 1

After 4 iterations the fit converged.
final sum of squares of residuals : 2.19414e-13
rel. change during last iteration : -4.19713e-10

degrees of freedom    (FIT_NDF)                        : 27
rms of residuals      (FIT_STDFIT) = sqrt(WSSR/ndf)    : 9.01468e-08
variance of residuals (reduced chisquare) = WSSR/ndf   : 8.12644e-15

Final set of parameters            Asymptotic Standard Error
=======================            ==========================

a               = 5.58124e-06      +/- 4.13e-07     (7.4%)


correlation matrix of the fit parameters:

               a      
a               1.000 


*******************************************************************************
Sun Apr  8 19:34:39 2012


FIT:    data read from "Medianrelative_error.txt" using 1:2
        format = x:z
	y range restricted to [10.0000 : *]
        #datapoints = 28
        residuals are weighted equally (unit weight)

function used for fitting: f(x)
fitted parameters initialized with current variable values



 Iteration 0
 WSSR        : 0.0475598         delta(WSSR)/WSSR   : 0
 delta(WSSR) : 0                 limit for stopping : 1e-05
 lambda	  : 0.041248

initial set of free parameter values

a               = 1

After 4 iterations the fit converged.
final sum of squares of residuals : 1.07851e-08
rel. change during last iteration : -8.59001e-15

degrees of freedom    (FIT_NDF)                        : 27
rms of residuals      (FIT_STDFIT) = sqrt(WSSR/ndf)    : 1.99862e-05
variance of residuals (reduced chisquare) = WSSR/ndf   : 3.99449e-10

Final set of parameters            Asymptotic Standard Error
=======================            ==========================

a               = 0.000831945      +/- 9.157e-05    (11.01%)


correlation matrix of the fit parameters:

               a      
a               1.000 


*******************************************************************************
Sun Apr  8 19:34:40 2012


FIT:    data read from "Variancerelative_error.txt" using 1:2
        format = x:z
	y range restricted to [10.0000 : *]
        #datapoints = 28
        residuals are weighted equally (unit weight)

function used for fitting: f(x)
fitted parameters initialized with current variable values



 Iteration 0
 WSSR        : 0.0446488         delta(WSSR)/WSSR   : 0
 delta(WSSR) : 0                 limit for stopping : 1e-05
 lambda	  : 0.041248

initial set of free parameter values

a               = 1

After 3 iterations the fit converged.
final sum of squares of residuals : 6.53467e-06
rel. change during last iteration : -1.03538e-06

degrees of freedom    (FIT_NDF)                        : 27
rms of residuals      (FIT_STDFIT) = sqrt(WSSR/ndf)    : 0.00049196
variance of residuals (reduced chisquare) = WSSR/ndf   : 2.42025e-07

Final set of parameters            Asymptotic Standard Error
=======================            ==========================

a               = 0.0319642        +/- 0.002254     (7.052%)


correlation matrix of the fit parameters:

               a      
a               1.000 


*******************************************************************************
Sun Apr  8 19:34:40 2012


FIT:    data read from "99th Percentilerelative_error.txt" using 1:2
        format = x:z
	y range restricted to [10.0000 : *]
        #datapoints = 28
        residuals are weighted equally (unit weight)

function used for fitting: f(x)
fitted parameters initialized with current variable values



 Iteration 0
 WSSR        : 0.0468096         delta(WSSR)/WSSR   : 0
 delta(WSSR) : 0                 limit for stopping : 1e-05
 lambda	  : 0.041248

initial set of free parameter values

a               = 1

After 4 iterations the fit converged.
final sum of squares of residuals : 5.29585e-07
rel. change during last iteration : -3.99857e-16

degrees of freedom    (FIT_NDF)                        : 27
rms of residuals      (FIT_STDFIT) = sqrt(WSSR/ndf)    : 0.000140051
variance of residuals (reduced chisquare) = WSSR/ndf   : 1.96142e-08

Final set of parameters            Asymptotic Standard Error
=======================            ==========================

a               = 0.00874917       +/- 0.0006417    (7.334%)


correlation matrix of the fit parameters:

               a      
a               1.000 


*******************************************************************************
Sun Apr  8 19:34:41 2012


FIT:    data read from "Meanrelative_error.txt" using 1:2
        format = x:z
	y range restricted to [10.0000 : *]
        #datapoints = 28
        residuals are weighted equally (unit weight)

function used for fitting: f(x)
fitted parameters initialized with current variable values



 Iteration 0
 WSSR        : 0.0473081         delta(WSSR)/WSSR   : 0
 delta(WSSR) : 0                 limit for stopping : 1e-05
 lambda	  : 0.041248

initial set of free parameter values

a               = 1

After 4 iterations the fit converged.
final sum of squares of residuals : 3.18031e-08
rel. change during last iteration : -3.12113e-15

degrees of freedom    (FIT_NDF)                        : 27
rms of residuals      (FIT_STDFIT) = sqrt(WSSR/ndf)    : 3.43204e-05
variance of residuals (reduced chisquare) = WSSR/ndf   : 1.17789e-09

Final set of parameters            Asymptotic Standard Error
=======================            ==========================

a               = 0.00347979       +/- 0.0001572    (4.519%)


correlation matrix of the fit parameters:

               a      
a               1.000 


*******************************************************************************
Sun Apr  8 19:34:41 2012


FIT:    data read from "Standard Deviationrelative_error.txt" using 1:2
        format = x:z
	y range restricted to [10.0000 : *]
        #datapoints = 28
        residuals are weighted equally (unit weight)

function used for fitting: f(x)
fitted parameters initialized with current variable values



 Iteration 0
 WSSR        : 0.0316261         delta(WSSR)/WSSR   : 0
 delta(WSSR) : 0                 limit for stopping : 1e-05
 lambda	  : 0.041248

initial set of free parameter values

a               = 1

After 3 iterations the fit converged.
final sum of squares of residuals : 0.00013748
rel. change during last iteration : -3.47129e-08

degrees of freedom    (FIT_NDF)                        : 27
rms of residuals      (FIT_STDFIT) = sqrt(WSSR/ndf)    : 0.00225651
variance of residuals (reduced chisquare) = WSSR/ndf   : 5.09186e-06

Final set of parameters            Asymptotic Standard Error
=======================            ==========================

a               = 0.186991         +/- 0.01034      (5.529%)


correlation matrix of the fit parameters:

               a      
a               1.000 


*******************************************************************************
Sun Apr  8 19:34:41 2012


FIT:    data read from "95th Percentilerelative_error.txt" using 1:2
        format = x:z
	y range restricted to [10.0000 : *]
        #datapoints = 28
        residuals are weighted equally (unit weight)

function used for fitting: f(x)
fitted parameters initialized with current variable values



 Iteration 0
 WSSR        : 0.0475036         delta(WSSR)/WSSR   : 0
 delta(WSSR) : 0                 limit for stopping : 1e-05
 lambda	  : 0.041248

initial set of free parameter values

a               = 1

After 4 iterations the fit converged.
final sum of squares of residuals : 7.01427e-08
rel. change during last iteration : -9.43426e-16

degrees of freedom    (FIT_NDF)                        : 27
rms of residuals      (FIT_STDFIT) = sqrt(WSSR/ndf)    : 5.09694e-05
variance of residuals (reduced chisquare) = WSSR/ndf   : 2.59788e-09

Final set of parameters            Asymptotic Standard Error
=======================            ==========================

a               = 0.00142353       +/- 0.0002335    (16.4%)


correlation matrix of the fit parameters:

               a      
a               1.000 


*******************************************************************************
Sun Apr  8 19:34:41 2012


FIT:    data read from "Non Zero Averagerelative_error.txt" using 1:2
        format = x:z
	y range restricted to [10.0000 : *]
        #datapoints = 28
        residuals are weighted equally (unit weight)

function used for fitting: f(x)
fitted parameters initialized with current variable values



 Iteration 0
 WSSR        : 0.0473111         delta(WSSR)/WSSR   : 0
 delta(WSSR) : 0                 limit for stopping : 1e-05
 lambda	  : 0.041248

initial set of free parameter values

a               = 1

After 4 iterations the fit converged.
final sum of squares of residuals : 3.41665e-08
rel. change during last iteration : -2.90523e-15

degrees of freedom    (FIT_NDF)                        : 27
rms of residuals      (FIT_STDFIT) = sqrt(WSSR/ndf)    : 3.55728e-05
variance of residuals (reduced chisquare) = WSSR/ndf   : 1.26543e-09

Final set of parameters            Asymptotic Standard Error
=======================            ==========================

a               = 0.0034487        +/- 0.000163     (4.726%)


correlation matrix of the fit parameters:

               a      
a               1.000 


*******************************************************************************
Sun Apr  8 19:34:42 2012


FIT:    data read from "Maxrelative_error.txt" using 1:2
        format = x:z
	y range restricted to [10.0000 : *]
        #datapoints = 28
        residuals are weighted equally (unit weight)

function used for fitting: f(x)
fitted parameters initialized with current variable values



 Iteration 0
 WSSR        : 0.44766           delta(WSSR)/WSSR   : 0
 delta(WSSR) : 0                 limit for stopping : 1e-05
 lambda	  : 0.041248

initial set of free parameter values

a               = 1

After 3 iterations the fit converged.
final sum of squares of residuals : 0.115243
rel. change during last iteration : -4.37168e-10

degrees of freedom    (FIT_NDF)                        : 27
rms of residuals      (FIT_STDFIT) = sqrt(WSSR/ndf)    : 0.0653319
variance of residuals (reduced chisquare) = WSSR/ndf   : 0.00426825

Final set of parameters            Asymptotic Standard Error
=======================            ==========================

a               = 3.64156          +/- 0.2993       (8.22%)


correlation matrix of the fit parameters:

               a      
a               1.000 
